"../../../Engine/Content/EditorResources/S_Actor.ubulk" 0
"../../../Engine/Content/EditorResources/S_Actor.uasset" 1
"../../../Engine/Content/EditorResources/S_Actor.uexp" 2
"../../../Engine/Content/EditorResources/S_BoxReflectionCapture.uasset" 3
"../../../Engine/Content/EditorResources/S_BoxReflectionCapture.uexp" 4
"../../../Engine/Content/EngineResources/DefaultTexture.ubulk" 5
"../../../Engine/Content/EngineResources/DefaultTexture.uasset" 6
"../../../Engine/Content/EngineResources/DefaultTexture.uexp" 7
"../../../Engine/Content/EngineResources/DefaultTextureCube.uasset" 8
"../../../Engine/Content/EngineResources/DefaultTextureCube.uexp" 9
"../../../Engine/Content/EngineResources/DefaultVolumeTexture2D.uasset" 10
"../../../Engine/Content/EngineResources/DefaultVolumeTexture2D.uexp" 11
"../../../Engine/Content/EngineResources/DefaultVolumeTexture.uasset" 12
"../../../Engine/Content/EngineResources/DefaultVolumeTexture.uexp" 13
"../../../Engine/Content/EditorResources/S_Trigger.ubulk" 14
"../../../Engine/Content/EditorResources/S_Trigger.uasset" 15
"../../../Engine/Content/EditorResources/S_Trigger.uexp" 16
"../../../Engine/Content/EditorResources/S_TriggerBox.uasset" 17
"../../../Engine/Content/EditorResources/S_TriggerBox.uexp" 18
"../../../Engine/Content/EditorResources/S_TriggerCapsule.uasset" 19
"../../../Engine/Content/EditorResources/S_TriggerCapsule.uexp" 20
"../../../Engine/Content/EditorResources/S_TriggerSphere.uasset" 21
"../../../Engine/Content/EditorResources/S_TriggerSphere.uexp" 22
"../../../Engine/Content/EngineMeshes/Sphere.ubulk" 23
"../../../Engine/Content/EngineMeshes/Sphere.uasset" 24
"../../../Engine/Content/EngineMeshes/Sphere.uexp" 25
"../../../Engine/Content/EngineResources/GradientTexture0.uasset" 26
"../../../Engine/Content/EngineResources/GradientTexture0.uexp" 27
"../../../Engine/Content/EngineResources/Black.uasset" 28
"../../../Engine/Content/EngineResources/Black.uexp" 29
"../../../Engine/Content/VREditor/LaserPointer/VR_LaserPower_01.ubulk" 30
"../../../Engine/Content/VREditor/LaserPointer/VR_LaserPower_01.uasset" 31
"../../../Engine/Content/VREditor/LaserPointer/VR_LaserPower_01.uexp" 32
"../../../Engine/Content/VREditor/TransformGizmo/TransformGizmoMaterial.uasset" 33
"../../../Engine/Content/VREditor/TransformGizmo/TransformGizmoMaterial.uexp" 34
"../../../Engine/Content/VREditor/TransformGizmo/TranslucentTransformGizmoMaterial.uasset" 35
"../../../Engine/Content/VREditor/TransformGizmo/TranslucentTransformGizmoMaterial.uexp" 36
"../../../Engine/Content/VREditor/TransformGizmo/BoundingBoxCorner.ubulk" 37
"../../../Engine/Content/VREditor/TransformGizmo/BoundingBoxCorner.uasset" 38
"../../../Engine/Content/VREditor/TransformGizmo/BoundingBoxCorner.uexp" 39
"../../../Engine/Content/VREditor/TransformGizmo/BoundingBoxEdge.ubulk" 40
"../../../Engine/Content/VREditor/TransformGizmo/BoundingBoxEdge.uasset" 41
"../../../Engine/Content/VREditor/TransformGizmo/BoundingBoxEdge.uexp" 42
"../../../Engine/Content/VREditor/TransformGizmo/Main.uasset" 43
"../../../Engine/Content/VREditor/TransformGizmo/Main.uexp" 44
"../../../Engine/Content/VREditor/TransformGizmo/Xray.uasset" 45
"../../../Engine/Content/VREditor/TransformGizmo/Xray.uexp" 46
"../../../Engine/Content/VREditor/TransformGizmo/SM_Sequencer_Node.ubulk" 47
"../../../Engine/Content/VREditor/TransformGizmo/SM_Sequencer_Node.uasset" 48
"../../../Engine/Content/VREditor/TransformGizmo/SM_Sequencer_Node.uexp" 49
"../../../Engine/Content/EditorResources/S_Solver.ubulk" 50
"../../../Engine/Content/EditorResources/S_Solver.uasset" 51
"../../../Engine/Content/EditorResources/S_Solver.uexp" 52
"../../../Engine/Content/EditorMaterials/Camera/CineMat.uasset" 53
"../../../Engine/Content/EditorMaterials/Camera/CineMat.uexp" 54
"../../../Engine/Content/EditorMaterials/Camera/MI_CineMat_Rig.uasset" 55
"../../../Engine/Content/EditorMaterials/Camera/MI_CineMat_Rig.uexp" 56
"../../../Engine/Content/EditorMeshes/Camera/SM_CraneRig_Base.ubulk" 57
"../../../Engine/Content/EditorMeshes/Camera/SM_CraneRig_Base.uasset" 58
"../../../Engine/Content/EditorMeshes/Camera/SM_CraneRig_Base.uexp" 59
"../../../Engine/Content/EditorMeshes/Camera/SM_CraneRig_Arm.ubulk" 60
"../../../Engine/Content/EditorMeshes/Camera/SM_CraneRig_Arm.uasset" 61
"../../../Engine/Content/EditorMeshes/Camera/SM_CraneRig_Arm.uexp" 62
"../../../Engine/Content/EditorMeshes/Camera/SM_CraneRig_Mount.ubulk" 63
"../../../Engine/Content/EditorMeshes/Camera/SM_CraneRig_Mount.uasset" 64
"../../../Engine/Content/EditorMeshes/Camera/SM_CraneRig_Mount.uexp" 65
"../../../Engine/Content/EditorMeshes/Camera/SM_CraneRig_Body.ubulk" 66
"../../../Engine/Content/EditorMeshes/Camera/SM_CraneRig_Body.uasset" 67
"../../../Engine/Content/EditorMeshes/Camera/SM_CraneRig_Body.uexp" 68
"../../../Engine/Content/EditorMeshes/Camera/SM_RailRig_Track.ubulk" 69
"../../../Engine/Content/EditorMeshes/Camera/SM_RailRig_Track.uasset" 70
"../../../Engine/Content/EditorMeshes/Camera/SM_RailRig_Track.uexp" 71
"../../../Engine/Content/EditorMeshes/Camera/SM_RailRig_Mount.ubulk" 72
"../../../Engine/Content/EditorMeshes/Camera/SM_RailRig_Mount.uasset" 73
"../../../Engine/Content/EditorMeshes/Camera/SM_RailRig_Mount.uexp" 74
"../../../Engine/Content/EngineMaterials/T_Default_Material_Grid_M.ubulk" 75
"../../../Engine/Content/EngineMaterials/T_Default_Material_Grid_M.uasset" 76
"../../../Engine/Content/EngineMaterials/T_Default_Material_Grid_M.uexp" 77
"../../../Engine/Content/EngineMaterials/T_Default_Material_Grid_N.ubulk" 78
"../../../Engine/Content/EngineMaterials/T_Default_Material_Grid_N.uasset" 79
"../../../Engine/Content/EngineMaterials/T_Default_Material_Grid_N.uexp" 80
"../../../Engine/Content/Functions/Engine_MaterialFunctions01/Opacity/CameraDepthFade.uasset" 81
"../../../Engine/Content/Functions/Engine_MaterialFunctions01/Opacity/CameraDepthFade.uexp" 82
"../../../Engine/Content/EngineMaterials/WorldGridMaterial.uasset" 83
"../../../Engine/Content/EngineMaterials/WorldGridMaterial.uexp" 84
"../../../Engine/Content/ArtTools/RenderToTexture/Meshes/S_1_Unit_Plane.ubulk" 85
"../../../Engine/Content/ArtTools/RenderToTexture/Meshes/S_1_Unit_Plane.uasset" 86
"../../../Engine/Content/ArtTools/RenderToTexture/Meshes/S_1_Unit_Plane.uexp" 87
"../../../Engine/Content/EditorMaterials/ParticleSystems/PSysThumbnail_NoImage.ubulk" 88
"../../../Engine/Content/EditorMaterials/ParticleSystems/PSysThumbnail_NoImage.uasset" 89
"../../../Engine/Content/EditorMaterials/ParticleSystems/PSysThumbnail_NoImage.uexp" 90
"../../../Engine/Content/EditorMaterials/ParticleSystems/PSysThumbnail_OOD.ubulk" 91
"../../../Engine/Content/EditorMaterials/ParticleSystems/PSysThumbnail_OOD.uasset" 92
"../../../Engine/Content/EditorMaterials/ParticleSystems/PSysThumbnail_OOD.uexp" 93
"../../../Engine/Content/EditorLandscapeResources/SplineEditorMeshMat.uasset" 94
"../../../Engine/Content/EditorLandscapeResources/SplineEditorMeshMat.uexp" 95
"../../../Engine/Content/EditorLandscapeResources/SplineEditorMesh.ubulk" 96
"../../../Engine/Content/EditorLandscapeResources/SplineEditorMesh.uasset" 97
"../../../Engine/Content/EditorLandscapeResources/SplineEditorMesh.uexp" 98
"../../../Engine/Plugins/Media/MediaPlate/Content/SM_MediaPlateScreen.ubulk" 99
"../../../Engine/Plugins/Media/MediaPlate/Content/SM_MediaPlateScreen.uasset" 100
"../../../Engine/Plugins/Media/MediaPlate/Content/SM_MediaPlateScreen.uexp" 101
"../../../Engine/Content/EngineMaterials/DefaultBokeh.uasset" 102
"../../../Engine/Content/EngineMaterials/DefaultBokeh.uexp" 103
"../../../Engine/Content/EngineMaterials/MiniFont.uasset" 104
"../../../Engine/Content/EngineMaterials/MiniFont.uexp" 105
"../../../Engine/Content/EngineMaterials/WeightMapPlaceholderTexture.uasset" 106
"../../../Engine/Content/EngineMaterials/WeightMapPlaceholderTexture.uexp" 107
"../../../Engine/Content/EngineMaterials/WeightMapArrayPlaceholderTexture.uasset" 108
"../../../Engine/Content/EngineMaterials/WeightMapArrayPlaceholderTexture.uexp" 109
"../../../Engine/Content/EngineMaterials/DefaultWhiteGrid.ubulk" 110
"../../../Engine/Content/EngineMaterials/DefaultWhiteGrid.uasset" 111
"../../../Engine/Content/EngineMaterials/DefaultWhiteGrid.uexp" 112
"../../../Engine/Content/EngineMaterials/PreintegratedSkinBRDF.uasset" 113
"../../../Engine/Content/EngineMaterials/PreintegratedSkinBRDF.uexp" 114
"../../../Engine/Content/BasicShapes/BasicShapeMaterial.uasset" 115
"../../../Engine/Content/BasicShapes/BasicShapeMaterial.uexp" 116
"C:/Users/mbidock/Downloads/ScriptingFinal-master (1)/ScriptingFinal-master/Content/SM_3Block.uasset" 117
"C:/Users/mbidock/Downloads/ScriptingFinal-master (1)/ScriptingFinal-master/Content/SM_3Block.uexp" 118
"C:/Users/mbidock/Downloads/ScriptingFinal-master (1)/ScriptingFinal-master/Content/T_BCube_BaseColorF.uasset" 119
"C:/Users/mbidock/Downloads/ScriptingFinal-master (1)/ScriptingFinal-master/Content/T_BCube_BaseColorF.uexp" 120
"C:/Users/mbidock/Downloads/ScriptingFinal-master (1)/ScriptingFinal-master/Content/ColorMatPurple.uasset" 121
"C:/Users/mbidock/Downloads/ScriptingFinal-master (1)/ScriptingFinal-master/Content/ColorMatPurple.uexp" 122
"C:/Users/mbidock/Downloads/ScriptingFinal-master (1)/ScriptingFinal-master/Content/ArcadeDropOverlayF.uasset" 123
"C:/Users/mbidock/Downloads/ScriptingFinal-master (1)/ScriptingFinal-master/Content/ArcadeDropOverlayF.uexp" 124
"../../../Engine/Content/Functions/Engine_MaterialFunctions02/WorldPositionOffset/CameraOffset.uasset" 125
"../../../Engine/Content/Functions/Engine_MaterialFunctions02/WorldPositionOffset/CameraOffset.uexp" 126
"../../../Engine/Plugins/Animation/ControlRig/Content/M_Manip.uasset" 127
"../../../Engine/Plugins/Animation/ControlRig/Content/M_Manip.uexp" 128
"../../../Engine/Plugins/Animation/ACLPlugin/Content/ACLAnimCurveCompressionSettings.uasset" 129
"../../../Engine/Plugins/Animation/ACLPlugin/Content/ACLAnimCurveCompressionSettings.uexp" 130
"../../../Engine/Plugins/Animation/ACLPlugin/Content/ACLAnimBoneCompressionSettings.uasset" 131
"../../../Engine/Plugins/Animation/ACLPlugin/Content/ACLAnimBoneCompressionSettings.uexp" 132
"../../../Engine/Plugins/2D/Paper2D/Content/PlaceholderTextures/DummySpriteTexture.ubulk" 133
"../../../Engine/Plugins/2D/Paper2D/Content/PlaceholderTextures/DummySpriteTexture.uasset" 134
"../../../Engine/Plugins/2D/Paper2D/Content/PlaceholderTextures/DummySpriteTexture.uexp" 135
"../../../Engine/Plugins/2D/Paper2D/Content/DefaultSpriteMaterial.uasset" 136
"../../../Engine/Plugins/2D/Paper2D/Content/DefaultSpriteMaterial.uexp" 137
"../../../Engine/Plugins/2D/Paper2D/Content/OpaqueUnlitSpriteMaterial.uasset" 138
"../../../Engine/Plugins/2D/Paper2D/Content/OpaqueUnlitSpriteMaterial.uexp" 139
"../../../Engine/Plugins/2D/Paper2D/Content/MaskedUnlitSpriteMaterial.uasset" 140
"../../../Engine/Plugins/2D/Paper2D/Content/MaskedUnlitSpriteMaterial.uexp" 141
"../../../Engine/Plugins/2D/Paper2D/Content/DummySprite.uasset" 142
"../../../Engine/Plugins/2D/Paper2D/Content/DummySprite.uexp" 143
"../../../Engine/Plugins/2D/Paper2D/Content/DefaultPaperTerrainMaterial.uasset" 144
"../../../Engine/Plugins/2D/Paper2D/Content/DefaultPaperTerrainMaterial.uexp" 145
"../../../Engine/Content/BasicShapes/Cube.ubulk" 146
"../../../Engine/Content/BasicShapes/Cube.uasset" 147
"../../../Engine/Content/BasicShapes/Cube.uexp" 148
"C:/Users/mbidock/Downloads/ScriptingFinal-master (1)/ScriptingFinal-master/Content/T_TCube_BaseColorF.uasset" 149
"C:/Users/mbidock/Downloads/ScriptingFinal-master (1)/ScriptingFinal-master/Content/T_TCube_BaseColorF.uexp" 150
"C:/Users/mbidock/Downloads/ScriptingFinal-master (1)/ScriptingFinal-master/Content/ColorMatBlue.uasset" 151
"C:/Users/mbidock/Downloads/ScriptingFinal-master (1)/ScriptingFinal-master/Content/ColorMatBlue.uexp" 152
"C:/Users/mbidock/Downloads/ScriptingFinal-master (1)/ScriptingFinal-master/Content/FinalBlueprints/SFX/Powerup6.ubulk" 153
"C:/Users/mbidock/Downloads/ScriptingFinal-master (1)/ScriptingFinal-master/Content/FinalBlueprints/SFX/Powerup6.uasset" 154
"C:/Users/mbidock/Downloads/ScriptingFinal-master (1)/ScriptingFinal-master/Content/FinalBlueprints/SFX/Powerup6.uexp" 155
"C:/Users/mbidock/Downloads/ScriptingFinal-master (1)/ScriptingFinal-master/Content/T_RCube_BaseColorF.uasset" 156
"C:/Users/mbidock/Downloads/ScriptingFinal-master (1)/ScriptingFinal-master/Content/T_RCube_BaseColorF.uexp" 157
"C:/Users/mbidock/Downloads/ScriptingFinal-master (1)/ScriptingFinal-master/Content/FinalBlueprints/Materials/1AttachMat.uasset" 158
"C:/Users/mbidock/Downloads/ScriptingFinal-master (1)/ScriptingFinal-master/Content/FinalBlueprints/Materials/1AttachMat.uexp" 159
"C:/Users/mbidock/Downloads/ScriptingFinal-master (1)/ScriptingFinal-master/Content/FinalBlueprints/Materials/5AttachMat.uasset" 160
"C:/Users/mbidock/Downloads/ScriptingFinal-master (1)/ScriptingFinal-master/Content/FinalBlueprints/Materials/5AttachMat.uexp" 161
"C:/Users/mbidock/Downloads/ScriptingFinal-master (1)/ScriptingFinal-master/Content/FinalBlueprints/SFX/Pickup_Coin5.ubulk" 162
"C:/Users/mbidock/Downloads/ScriptingFinal-master (1)/ScriptingFinal-master/Content/FinalBlueprints/SFX/Pickup_Coin5.uasset" 163
"C:/Users/mbidock/Downloads/ScriptingFinal-master (1)/ScriptingFinal-master/Content/FinalBlueprints/SFX/Pickup_Coin5.uexp" 164
"C:/Users/mbidock/Downloads/ScriptingFinal-master (1)/ScriptingFinal-master/Content/FinalBlueprints/Materials/4AttachMat.uasset" 165
"C:/Users/mbidock/Downloads/ScriptingFinal-master (1)/ScriptingFinal-master/Content/FinalBlueprints/Materials/4AttachMat.uexp" 166
"C:/Users/mbidock/Downloads/ScriptingFinal-master (1)/ScriptingFinal-master/Content/ColorMatRed.uasset" 167
"C:/Users/mbidock/Downloads/ScriptingFinal-master (1)/ScriptingFinal-master/Content/ColorMatRed.uexp" 168
"C:/Users/mbidock/Downloads/ScriptingFinal-master (1)/ScriptingFinal-master/Content/T_OCube_BaseColorF.uasset" 169
"C:/Users/mbidock/Downloads/ScriptingFinal-master (1)/ScriptingFinal-master/Content/T_OCube_BaseColorF.uexp" 170
"C:/Users/mbidock/Downloads/ScriptingFinal-master (1)/ScriptingFinal-master/Content/FinalBlueprints/Materials/2AttachMat.uasset" 171
"C:/Users/mbidock/Downloads/ScriptingFinal-master (1)/ScriptingFinal-master/Content/FinalBlueprints/Materials/2AttachMat.uexp" 172
"C:/Users/mbidock/Downloads/ScriptingFinal-master (1)/ScriptingFinal-master/Content/T_GCube_BaseColorF.uasset" 173
"C:/Users/mbidock/Downloads/ScriptingFinal-master (1)/ScriptingFinal-master/Content/T_GCube_BaseColorF.uexp" 174
"C:/Users/mbidock/Downloads/ScriptingFinal-master (1)/ScriptingFinal-master/Content/FinalBlueprints/Materials/3AttachMat.uasset" 175
"C:/Users/mbidock/Downloads/ScriptingFinal-master (1)/ScriptingFinal-master/Content/FinalBlueprints/Materials/3AttachMat.uexp" 176
"C:/Users/mbidock/Downloads/ScriptingFinal-master (1)/ScriptingFinal-master/Content/SpotlightMat.uasset" 177
"C:/Users/mbidock/Downloads/ScriptingFinal-master (1)/ScriptingFinal-master/Content/SpotlightMat.uexp" 178
"C:/Users/mbidock/Downloads/ScriptingFinal-master (1)/ScriptingFinal-master/Content/HoverSpotlightMat.uasset" 179
"C:/Users/mbidock/Downloads/ScriptingFinal-master (1)/ScriptingFinal-master/Content/HoverSpotlightMat.uexp" 180
"C:/Users/mbidock/Downloads/ScriptingFinal-master (1)/ScriptingFinal-master/Content/FinalBlueprints/Level2Merge.uasset" 181
"C:/Users/mbidock/Downloads/ScriptingFinal-master (1)/ScriptingFinal-master/Content/FinalBlueprints/Level2Merge.uexp" 182
"C:/Users/mbidock/Downloads/ScriptingFinal-master (1)/ScriptingFinal-master/Content/ArcadeDropPausedF.uasset" 183
"C:/Users/mbidock/Downloads/ScriptingFinal-master (1)/ScriptingFinal-master/Content/ArcadeDropPausedF.uexp" 184
"C:/Users/mbidock/Downloads/ScriptingFinal-master (1)/ScriptingFinal-master/Content/FinalBlueprints/PixgamerRegular-OVD6A.uexp" 185
"C:/Users/mbidock/Downloads/ScriptingFinal-master (1)/ScriptingFinal-master/Content/FinalBlueprints/PixgamerRegular-OVD6A.uasset" 186
"C:/Users/mbidock/Downloads/ScriptingFinal-master (1)/ScriptingFinal-master/Content/FinalBlueprints/PixgamerRegular-OVD6A.ufont" 187
"C:/Users/mbidock/Downloads/ScriptingFinal-master (1)/ScriptingFinal-master/Content/FinalBlueprints/PixgamerRegular-OVD6A_Font.uasset" 188
"C:/Users/mbidock/Downloads/ScriptingFinal-master (1)/ScriptingFinal-master/Content/FinalBlueprints/PixgamerRegular-OVD6A_Font.uexp" 189
"C:/Users/mbidock/Downloads/ScriptingFinal-master (1)/ScriptingFinal-master/Content/FinalBlueprints/ScoreInstance.uasset" 190
"C:/Users/mbidock/Downloads/ScriptingFinal-master (1)/ScriptingFinal-master/Content/FinalBlueprints/ScoreInstance.uexp" 191
"C:/Users/mbidock/Downloads/ScriptingFinal-master (1)/ScriptingFinal-master/Content/PauseWidget.uasset" 192
"C:/Users/mbidock/Downloads/ScriptingFinal-master (1)/ScriptingFinal-master/Content/PauseWidget.uexp" 193
"C:/Users/mbidock/Downloads/ScriptingFinal-master (1)/ScriptingFinal-master/Content/FinalBlueprints/SaveGameScore.uasset" 194
"C:/Users/mbidock/Downloads/ScriptingFinal-master (1)/ScriptingFinal-master/Content/FinalBlueprints/SaveGameScore.uexp" 195
"C:/Users/mbidock/Downloads/ScriptingFinal-master (1)/ScriptingFinal-master/Content/FinalBlueprints/BP_ArcadeCharacter.uasset" 196
"C:/Users/mbidock/Downloads/ScriptingFinal-master (1)/ScriptingFinal-master/Content/FinalBlueprints/BP_ArcadeCharacter.uexp" 197
"C:/Users/mbidock/Downloads/ScriptingFinal-master (1)/ScriptingFinal-master/Content/FinalBlueprints/Level1Merge.uasset" 198
"C:/Users/mbidock/Downloads/ScriptingFinal-master (1)/ScriptingFinal-master/Content/FinalBlueprints/Level1Merge.uexp" 199
"C:/Users/mbidock/Downloads/ScriptingFinal-master (1)/ScriptingFinal-master/Content/FinalBlueprints/SpotlightLevel1.uasset" 200
"C:/Users/mbidock/Downloads/ScriptingFinal-master (1)/ScriptingFinal-master/Content/FinalBlueprints/SpotlightLevel1.uexp" 201
"C:/Users/mbidock/Downloads/ScriptingFinal-master (1)/ScriptingFinal-master/Content/FinalBlueprints/Score.uasset" 202
"C:/Users/mbidock/Downloads/ScriptingFinal-master (1)/ScriptingFinal-master/Content/FinalBlueprints/Score.uexp" 203
"../../../Engine/Plugins/Runtime/MeshModelingToolset/Content/Materials/M_DynamicMeshComponentVtxColor.uasset" 204
"../../../Engine/Plugins/Runtime/MeshModelingToolset/Content/Materials/M_DynamicMeshComponentVtxColor.uexp" 205
"../../../Engine/Plugins/Interchange/Runtime/Content/Pipelines/DefaultTexturePipeline.uasset" 206
"../../../Engine/Plugins/Interchange/Runtime/Content/Pipelines/DefaultTexturePipeline.uexp" 207
"../../../Engine/Plugins/Interchange/Runtime/Content/Pipelines/DefaultSceneLevelPipeline.uasset" 208
"../../../Engine/Plugins/Interchange/Runtime/Content/Pipelines/DefaultSceneLevelPipeline.uexp" 209
"../../../Engine/Plugins/Interchange/Runtime/Content/Pipelines/DefaultSceneAssetsPipeline.uasset" 210
"../../../Engine/Plugins/Interchange/Runtime/Content/Pipelines/DefaultSceneAssetsPipeline.uexp" 211
"../../../Engine/Plugins/Interchange/Runtime/Content/Pipelines/DefaultMaterialXPipeline.uasset" 212
"../../../Engine/Plugins/Interchange/Runtime/Content/Pipelines/DefaultMaterialXPipeline.uexp" 213
"../../../Engine/Plugins/Interchange/Runtime/Content/Pipelines/DefaultMaterialPipeline.uasset" 214
"../../../Engine/Plugins/Interchange/Runtime/Content/Pipelines/DefaultMaterialPipeline.uexp" 215
"../../../Engine/Plugins/Interchange/Runtime/Content/Pipelines/DefaultGLTFSceneAssetsPipeline.uasset" 216
"../../../Engine/Plugins/Interchange/Runtime/Content/Pipelines/DefaultGLTFSceneAssetsPipeline.uexp" 217
"../../../Engine/Plugins/Interchange/Runtime/Content/Pipelines/DefaultGLTFPipeline.uasset" 218
"../../../Engine/Plugins/Interchange/Runtime/Content/Pipelines/DefaultGLTFPipeline.uexp" 219
"../../../Engine/Plugins/Interchange/Runtime/Content/Pipelines/DefaultGLTFAssetsPipeline.uasset" 220
"../../../Engine/Plugins/Interchange/Runtime/Content/Pipelines/DefaultGLTFAssetsPipeline.uexp" 221
"../../../Engine/Plugins/Interchange/Runtime/Content/Pipelines/DefaultAssetsPipeline.uasset" 222
"../../../Engine/Plugins/Interchange/Runtime/Content/Pipelines/DefaultAssetsPipeline.uexp" 223
"../../../Engine/Plugins/Interchange/Runtime/Content/Functions/MX_UsdPreviewSurface.uasset" 224
"../../../Engine/Plugins/Interchange/Runtime/Content/Functions/MX_UsdPreviewSurface.uexp" 225
"../../../Engine/Plugins/Interchange/Runtime/Content/Functions/MX_UniformEDF.uasset" 226
"../../../Engine/Plugins/Interchange/Runtime/Content/Functions/MX_UniformEDF.uexp" 227
"../../../Engine/Plugins/Interchange/Runtime/Content/Functions/MX_TranslucentBSDF.uasset" 228
"../../../Engine/Plugins/Interchange/Runtime/Content/Functions/MX_TranslucentBSDF.uexp" 229
"../../../Engine/Plugins/Interchange/Runtime/Content/Functions/MX_ThinFilmBSDF.uasset" 230
"../../../Engine/Plugins/Interchange/Runtime/Content/Functions/MX_ThinFilmBSDF.uexp" 231
"../../../Engine/Plugins/Interchange/Runtime/Content/Functions/MX_SurfaceUnlit.uasset" 232
"../../../Engine/Plugins/Interchange/Runtime/Content/Functions/MX_SurfaceUnlit.uexp" 233
"../../../Engine/Plugins/Interchange/Runtime/Content/Functions/MX_Surface.uasset" 234
"../../../Engine/Plugins/Interchange/Runtime/Content/Functions/MX_Surface.uexp" 235
"../../../Engine/Plugins/Interchange/Runtime/Content/Functions/MX_SubsurfaceBSDF.uasset" 236
"../../../Engine/Plugins/Interchange/Runtime/Content/Functions/MX_SubsurfaceBSDF.uexp" 237
"../../../Engine/Plugins/Interchange/Runtime/Content/Functions/MX_SheenBSDF.uasset" 238
"../../../Engine/Plugins/Interchange/Runtime/Content/Functions/MX_SheenBSDF.uexp" 239
"../../../Engine/Plugins/Interchange/Runtime/Content/Functions/MX_OrenNayarBSDF.uasset" 240
"../../../Engine/Plugins/Interchange/Runtime/Content/Functions/MX_OrenNayarBSDF.uexp" 241
"../../../Engine/Content/Functions/Engine_MaterialFunctions02/Utility/CameraDirectionVector.uasset" 242
"../../../Engine/Content/Functions/Engine_MaterialFunctions02/Utility/CameraDirectionVector.uexp" 243
"../../../Engine/Content/Functions/Engine_MaterialFunctions01/Volumetrics/BeersLaw.uasset" 244
"../../../Engine/Content/Functions/Engine_MaterialFunctions01/Volumetrics/BeersLaw.uexp" 245
"../../../Engine/Content/EngineMaterials/Good64x64TilingNoiseHighFreq.uasset" 246
"../../../Engine/Content/EngineMaterials/Good64x64TilingNoiseHighFreq.uexp" 247
"../../../Engine/Content/Functions/Engine_MaterialFunctions02/Texturing/ScreenAlignedPixelToPixelUVs.uasset" 248
"../../../Engine/Content/Functions/Engine_MaterialFunctions02/Texturing/ScreenAlignedPixelToPixelUVs.uexp" 249
"../../../Engine/Plugins/Interchange/Runtime/Content/gltf/MaterialFunctions/MF_Temporal_Blur.uasset" 250
"../../../Engine/Plugins/Interchange/Runtime/Content/gltf/MaterialFunctions/MF_Temporal_Blur.uexp" 251
"../../../Engine/Plugins/Interchange/Runtime/Content/gltf/MaterialFunctions/MF_Fresnel_DS.uasset" 252
"../../../Engine/Plugins/Interchange/Runtime/Content/gltf/MaterialFunctions/MF_Fresnel_DS.uexp" 253
"../../../Engine/Content/Functions/Engine_MaterialFunctions02/Utility/BreakOutFloat3Components.uasset" 254
"../../../Engine/Content/Functions/Engine_MaterialFunctions02/Utility/BreakOutFloat3Components.uexp" 255
"../../../Engine/Plugins/Interchange/Runtime/Content/Functions/MX_Transmission.uasset" 256
"../../../Engine/Plugins/Interchange/Runtime/Content/Functions/MX_Transmission.uexp" 257
"../../../Engine/Plugins/Interchange/Runtime/Content/Functions/MF_OrenNayerView.uasset" 258
"../../../Engine/Plugins/Interchange/Runtime/Content/Functions/MF_OrenNayerView.uexp" 259
"../../../Engine/Plugins/Interchange/Runtime/Content/Functions/MF_SchlickApprox.uasset" 260
"../../../Engine/Plugins/Interchange/Runtime/Content/Functions/MF_SchlickApprox.uexp" 261
"../../../Engine/Plugins/Interchange/Runtime/Content/Utilities/New_LUT.uasset" 262
"../../../Engine/Plugins/Interchange/Runtime/Content/Utilities/New_LUT.uexp" 263
"../../../Engine/Content/Functions/Engine_MaterialFunctions03/Math/RemapValueRange.uasset" 264
"../../../Engine/Content/Functions/Engine_MaterialFunctions03/Math/RemapValueRange.uexp" 265
"../../../Engine/Plugins/Interchange/Runtime/Content/Functions/MF_Iridescence.uasset" 266
"../../../Engine/Plugins/Interchange/Runtime/Content/Functions/MF_Iridescence.uexp" 267
"../../../Engine/Plugins/Interchange/Runtime/Content/Functions/MX_StandardSurface.uasset" 268
"../../../Engine/Plugins/Interchange/Runtime/Content/Functions/MX_StandardSurface.uexp" 269
"../../../Engine/Plugins/Interchange/Runtime/Content/Functions/MX_TransmissionSurface.uasset" 270
"../../../Engine/Plugins/Interchange/Runtime/Content/Functions/MX_TransmissionSurface.uexp" 271
"../../../Engine/Plugins/Interchange/Runtime/Content/Functions/MX_OpenPBR_Translucent.uasset" 272
"../../../Engine/Plugins/Interchange/Runtime/Content/Functions/MX_OpenPBR_Translucent.uexp" 273
"../../../Engine/Plugins/Interchange/Runtime/Content/Functions/MX_OpenPBR_Opaque.uasset" 274
"../../../Engine/Plugins/Interchange/Runtime/Content/Functions/MX_OpenPBR_Opaque.uexp" 275
"../../../Engine/Plugins/Interchange/Runtime/Content/Functions/MX_MeasuredEDF.uasset" 276
"../../../Engine/Plugins/Interchange/Runtime/Content/Functions/MX_MeasuredEDF.uexp" 277
"../../../Engine/Plugins/Interchange/Runtime/Content/Functions/MX_GeneralizedSchlickBSDF.uasset" 278
"../../../Engine/Plugins/Interchange/Runtime/Content/Functions/MX_GeneralizedSchlickBSDF.uexp" 279
"../../../Engine/Plugins/Interchange/Runtime/Content/Functions/MX_DielectricBSDF.uasset" 280
"../../../Engine/Plugins/Interchange/Runtime/Content/Functions/MX_DielectricBSDF.uexp" 281
"../../../Engine/Plugins/Interchange/Runtime/Content/Functions/MX_ConicalEDF.uasset" 282
"../../../Engine/Plugins/Interchange/Runtime/Content/Functions/MX_ConicalEDF.uexp" 283
"../../../Engine/Plugins/Interchange/Runtime/Content/Functions/MX_ConductorBSDF.uasset" 284
"../../../Engine/Plugins/Interchange/Runtime/Content/Functions/MX_ConductorBSDF.uexp" 285
"../../../Engine/Plugins/Interchange/Runtime/Content/Functions/MX_BurleyDiffuseBSDF.uasset" 286
"../../../Engine/Plugins/Interchange/Runtime/Content/Functions/MX_BurleyDiffuseBSDF.uexp" 287
"../../../Engine/Plugins/Interchange/Runtime/Content/Functions/MX_AnisotropicVDF.uasset" 288
"../../../Engine/Plugins/Interchange/Runtime/Content/Functions/MX_AnisotropicVDF.uexp" 289
"../../../Engine/Plugins/Interchange/Runtime/Content/Functions/MX_AbsorptionVDF.uasset" 290
"../../../Engine/Plugins/Interchange/Runtime/Content/Functions/MX_AbsorptionVDF.uexp" 291
"../../../Engine/Plugins/Editor/SpeedTreeImporter/Content/SpeedTree9/game_wind_noise.ubulk" 292
"../../../Engine/Plugins/Editor/SpeedTreeImporter/Content/SpeedTree9/game_wind_noise.uasset" 293
"../../../Engine/Plugins/Editor/SpeedTreeImporter/Content/SpeedTree9/game_wind_noise.uexp" 294
"../../../Engine/Plugins/Editor/SpeedTreeImporter/Content/SpeedTree9/UnpackDirection.uasset" 295
"../../../Engine/Plugins/Editor/SpeedTreeImporter/Content/SpeedTree9/UnpackDirection.uexp" 296
"../../../Engine/Content/Functions/Engine_MaterialFunctions02/ObjectLocalBounds.uasset" 297
"../../../Engine/Content/Functions/Engine_MaterialFunctions02/ObjectLocalBounds.uexp" 298
"../../../Engine/Content/Functions/Engine_MaterialFunctions02/UVs/BoundingBoxBased_0-1_UVW.uasset" 299
"../../../Engine/Content/Functions/Engine_MaterialFunctions02/UVs/BoundingBoxBased_0-1_UVW.uexp" 300
"../../../Engine/Content/Functions/Engine_MaterialFunctions02/Utility/VectorLength.uasset" 301
"../../../Engine/Content/Functions/Engine_MaterialFunctions02/Utility/VectorLength.uexp" 302
"../../../Engine/Plugins/Editor/SpeedTreeImporter/Content/SpeedTree9/UnpackInteger3.uasset" 303
"../../../Engine/Plugins/Editor/SpeedTreeImporter/Content/SpeedTree9/UnpackInteger3.uexp" 304
"../../../Engine/Plugins/Editor/SpeedTreeImporter/Content/SpeedTree9/SpeedTreeCameraFacing.uasset" 305
"../../../Engine/Plugins/Editor/SpeedTreeImporter/Content/SpeedTree9/SpeedTreeCameraFacing.uexp" 306
"../../../Engine/Content/Functions/Engine_MaterialFunctions02/WorldPositionOffset/ObjectScale.uasset" 307
"../../../Engine/Content/Functions/Engine_MaterialFunctions02/WorldPositionOffset/ObjectScale.uexp" 308
"../../../Engine/Content/Functions/Engine_MaterialFunctions02/SafeNormalize.uasset" 309
"../../../Engine/Content/Functions/Engine_MaterialFunctions02/SafeNormalize.uexp" 310
"../../../Engine/Plugins/Editor/SpeedTreeImporter/Content/SpeedTree9/SpeedTreeWindMotion.uasset" 311
"../../../Engine/Plugins/Editor/SpeedTreeImporter/Content/SpeedTree9/SpeedTreeWindMotion.uexp" 312
"../../../Engine/Plugins/Editor/SpeedTreeImporter/Content/SpeedTree9/SpeedTreeBranchMotion.uasset" 313
"../../../Engine/Plugins/Editor/SpeedTreeImporter/Content/SpeedTree9/SpeedTreeBranchMotion.uexp" 314
"../../../Engine/Plugins/Editor/SpeedTreeImporter/Content/SpeedTree9/SpeedTreeWind.uasset" 315
"../../../Engine/Plugins/Editor/SpeedTreeImporter/Content/SpeedTree9/SpeedTreeWind.uexp" 316
"../../../Engine/Plugins/Editor/SpeedTreeImporter/Content/SpeedTree9/EmptyNormal.uasset" 317
"../../../Engine/Plugins/Editor/SpeedTreeImporter/Content/SpeedTree9/EmptyNormal.uexp" 318
"../../../Engine/Plugins/Editor/SpeedTreeImporter/Content/SpeedTree9/Empty.uasset" 319
"../../../Engine/Plugins/Editor/SpeedTreeImporter/Content/SpeedTree9/Empty.uexp" 320
"../../../Engine/Plugins/Editor/SpeedTreeImporter/Content/SpeedTree9/SpeedTreeMaster.uasset" 321
"../../../Engine/Plugins/Editor/SpeedTreeImporter/Content/SpeedTree9/SpeedTreeMaster.uexp" 322
"../../../Engine/Plugins/Editor/SpeedTreeImporter/Content/SpeedTree9/SpeedTreeBillboard.uasset" 323
"../../../Engine/Plugins/Editor/SpeedTreeImporter/Content/SpeedTree9/SpeedTreeBillboard.uexp" 324
"../../../Engine/Plugins/Editor/SpeedTreeImporter/Content/SpeedTree9/SpeedTreeBillboardMaster.uasset" 325
"../../../Engine/Plugins/Editor/SpeedTreeImporter/Content/SpeedTree9/SpeedTreeBillboardMaster.uexp" 326
"../../../Engine/Plugins/Animation/ControlRig/Content/Controls/DefaultGizmoLibraryNormalized.uasset" 327
"../../../Engine/Plugins/Animation/ControlRig/Content/Controls/DefaultGizmoLibraryNormalized.uexp" 328
"../../../Engine/Plugins/Animation/ControlRig/Content/Controls/ControlRig_Wedge_solid.ubulk" 329
"../../../Engine/Plugins/Animation/ControlRig/Content/Controls/ControlRig_Wedge_solid.uasset" 330
"../../../Engine/Plugins/Animation/ControlRig/Content/Controls/ControlRig_Wedge_solid.uexp" 331
"../../../Engine/Plugins/Animation/ControlRig/Content/Controls/ControlRig_Wedge_3mm.ubulk" 332
"../../../Engine/Plugins/Animation/ControlRig/Content/Controls/ControlRig_Wedge_3mm.uasset" 333
"../../../Engine/Plugins/Animation/ControlRig/Content/Controls/ControlRig_Wedge_3mm.uexp" 334
"../../../Engine/Plugins/Animation/ControlRig/Content/Controls/ControlRig_Wedge_1mm.ubulk" 335
"../../../Engine/Plugins/Animation/ControlRig/Content/Controls/ControlRig_Wedge_1mm.uasset" 336
"../../../Engine/Plugins/Animation/ControlRig/Content/Controls/ControlRig_Wedge_1mm.uexp" 337
"../../../Engine/Plugins/Animation/ControlRig/Content/Controls/ControlRig_Triangle_solid.ubulk" 338
"../../../Engine/Plugins/Animation/ControlRig/Content/Controls/ControlRig_Triangle_solid.uasset" 339
"../../../Engine/Plugins/Animation/ControlRig/Content/Controls/ControlRig_Triangle_solid.uexp" 340
"../../../Engine/Plugins/Animation/ControlRig/Content/Controls/ControlRig_Triangle_3mm.ubulk" 341
"../../../Engine/Plugins/Animation/ControlRig/Content/Controls/ControlRig_Triangle_3mm.uasset" 342
"../../../Engine/Plugins/Animation/ControlRig/Content/Controls/ControlRig_Triangle_3mm.uexp" 343
"../../../Engine/Plugins/Animation/ControlRig/Content/Controls/ControlRig_Triangle_1mm.ubulk" 344
"../../../Engine/Plugins/Animation/ControlRig/Content/Controls/ControlRig_Triangle_1mm.uasset" 345
"../../../Engine/Plugins/Animation/ControlRig/Content/Controls/ControlRig_Triangle_1mm.uexp" 346
"../../../Engine/Plugins/Animation/ControlRig/Content/Controls/ControlRig_Star4_solid.ubulk" 347
"../../../Engine/Plugins/Animation/ControlRig/Content/Controls/ControlRig_Star4_solid.uasset" 348
"../../../Engine/Plugins/Animation/ControlRig/Content/Controls/ControlRig_Star4_solid.uexp" 349
"../../../Engine/Plugins/Animation/ControlRig/Content/Controls/ControlRig_Star4_3mm.ubulk" 350
"../../../Engine/Plugins/Animation/ControlRig/Content/Controls/ControlRig_Star4_3mm.uasset" 351
"../../../Engine/Plugins/Animation/ControlRig/Content/Controls/ControlRig_Star4_3mm.uexp" 352
"../../../Engine/Plugins/Animation/ControlRig/Content/Controls/ControlRig_Star4_1mm.ubulk" 353
"../../../Engine/Plugins/Animation/ControlRig/Content/Controls/ControlRig_Star4_1mm.uasset" 354
"../../../Engine/Plugins/Animation/ControlRig/Content/Controls/ControlRig_Star4_1mm.uexp" 355
"../../../Engine/Plugins/Animation/ControlRig/Content/Controls/ControlRig_Square_solid.ubulk" 356
"../../../Engine/Plugins/Animation/ControlRig/Content/Controls/ControlRig_Square_solid.uasset" 357
"../../../Engine/Plugins/Animation/ControlRig/Content/Controls/ControlRig_Square_solid.uexp" 358
"../../../Engine/Plugins/Animation/ControlRig/Content/Controls/ControlRig_Square_3mm.ubulk" 359
"../../../Engine/Plugins/Animation/ControlRig/Content/Controls/ControlRig_Square_3mm.uasset" 360
"../../../Engine/Plugins/Animation/ControlRig/Content/Controls/ControlRig_Square_3mm.uexp" 361
"../../../Engine/Plugins/Animation/ControlRig/Content/Controls/ControlRig_Square_1mm.ubulk" 362
"../../../Engine/Plugins/Animation/ControlRig/Content/Controls/ControlRig_Square_1mm.uasset" 363
"../../../Engine/Plugins/Animation/ControlRig/Content/Controls/ControlRig_Square_1mm.uexp" 364
"../../../Engine/Plugins/Animation/ControlRig/Content/Controls/ControlRig_Sphere_solid.ubulk" 365
"../../../Engine/Plugins/Animation/ControlRig/Content/Controls/ControlRig_Sphere_solid.uasset" 366
"../../../Engine/Plugins/Animation/ControlRig/Content/Controls/ControlRig_Sphere_solid.uexp" 367
"../../../Engine/Plugins/Animation/ControlRig/Content/Controls/ControlRig_Sphere_3mm.ubulk" 368
"../../../Engine/Plugins/Animation/ControlRig/Content/Controls/ControlRig_Sphere_3mm.uasset" 369
"../../../Engine/Plugins/Animation/ControlRig/Content/Controls/ControlRig_Sphere_3mm.uexp" 370
"../../../Engine/Plugins/Animation/ControlRig/Content/Controls/ControlRig_Sphere_1mm.ubulk" 371
"../../../Engine/Plugins/Animation/ControlRig/Content/Controls/ControlRig_Sphere_1mm.uasset" 372
"../../../Engine/Plugins/Animation/ControlRig/Content/Controls/ControlRig_Sphere_1mm.uexp" 373
"../../../Engine/Plugins/Animation/ControlRig/Content/Controls/ControlRig_RoundedTriangle_solid.ubulk" 374
"../../../Engine/Plugins/Animation/ControlRig/Content/Controls/ControlRig_RoundedTriangle_solid.uasset" 375
"../../../Engine/Plugins/Animation/ControlRig/Content/Controls/ControlRig_RoundedTriangle_solid.uexp" 376
"../../../Engine/Plugins/Animation/ControlRig/Content/Controls/ControlRig_RoundedTriangle_3mm.ubulk" 377
"../../../Engine/Plugins/Animation/ControlRig/Content/Controls/ControlRig_RoundedTriangle_3mm.uasset" 378
"../../../Engine/Plugins/Animation/ControlRig/Content/Controls/ControlRig_RoundedTriangle_3mm.uexp" 379
"../../../Engine/Plugins/Animation/ControlRig/Content/Controls/ControlRig_RoundedTriangle_1mm.ubulk" 380
"../../../Engine/Plugins/Animation/ControlRig/Content/Controls/ControlRig_RoundedTriangle_1mm.uasset" 381
"../../../Engine/Plugins/Animation/ControlRig/Content/Controls/ControlRig_RoundedTriangle_1mm.uexp" 382
"../../../Engine/Plugins/Animation/ControlRig/Content/Controls/ControlRig_RoundedSquare_solid.ubulk" 383
"../../../Engine/Plugins/Animation/ControlRig/Content/Controls/ControlRig_RoundedSquare_solid.uasset" 384
"../../../Engine/Plugins/Animation/ControlRig/Content/Controls/ControlRig_RoundedSquare_solid.uexp" 385
"../../../Engine/Plugins/Animation/ControlRig/Content/Controls/ControlRig_RoundedSquare_3mm.ubulk" 386
"../../../Engine/Plugins/Animation/ControlRig/Content/Controls/ControlRig_RoundedSquare_3mm.uasset" 387
"../../../Engine/Plugins/Animation/ControlRig/Content/Controls/ControlRig_RoundedSquare_3mm.uexp" 388
"../../../Engine/Plugins/Animation/ControlRig/Content/Controls/ControlRig_RoundedSquare_1mm.ubulk" 389
"../../../Engine/Plugins/Animation/ControlRig/Content/Controls/ControlRig_RoundedSquare_1mm.uasset" 390
"../../../Engine/Plugins/Animation/ControlRig/Content/Controls/ControlRig_RoundedSquare_1mm.uexp" 391
"../../../Engine/Plugins/Animation/ControlRig/Content/Controls/ControlRig_QuarterCircle_solid.ubulk" 392
"../../../Engine/Plugins/Animation/ControlRig/Content/Controls/ControlRig_QuarterCircle_solid.uasset" 393
"../../../Engine/Plugins/Animation/ControlRig/Content/Controls/ControlRig_QuarterCircle_solid.uexp" 394
"../../../Engine/Plugins/Animation/ControlRig/Content/Controls/ControlRig_QuarterCircle_3mm.ubulk" 395
"../../../Engine/Plugins/Animation/ControlRig/Content/Controls/ControlRig_QuarterCircle_3mm.uasset" 396
"../../../Engine/Plugins/Animation/ControlRig/Content/Controls/ControlRig_QuarterCircle_3mm.uexp" 397
"../../../Engine/Plugins/Animation/ControlRig/Content/Controls/ControlRig_QuarterCircle_1mm.ubulk" 398
"../../../Engine/Plugins/Animation/ControlRig/Content/Controls/ControlRig_QuarterCircle_1mm.uasset" 399
"../../../Engine/Plugins/Animation/ControlRig/Content/Controls/ControlRig_QuarterCircle_1mm.uexp" 400
"../../../Engine/Plugins/Animation/ControlRig/Content/Controls/ControlRig_Pyramid_solid.ubulk" 401
"../../../Engine/Plugins/Animation/ControlRig/Content/Controls/ControlRig_Pyramid_solid.uasset" 402
"../../../Engine/Plugins/Animation/ControlRig/Content/Controls/ControlRig_Pyramid_solid.uexp" 403
"../../../Engine/Plugins/Animation/ControlRig/Content/Controls/ControlRig_Pyramid_3mm.ubulk" 404
"../../../Engine/Plugins/Animation/ControlRig/Content/Controls/ControlRig_Pyramid_3mm.uasset" 405
"../../../Engine/Plugins/Animation/ControlRig/Content/Controls/ControlRig_Pyramid_3mm.uexp" 406
"../../../Engine/Plugins/Animation/ControlRig/Content/Controls/ControlRig_Pyramid_1mm.ubulk" 407
"../../../Engine/Plugins/Animation/ControlRig/Content/Controls/ControlRig_Pyramid_1mm.uasset" 408
"../../../Engine/Plugins/Animation/ControlRig/Content/Controls/ControlRig_Pyramid_1mm.uexp" 409
"../../../Engine/Plugins/Animation/ControlRig/Content/Controls/ControlRig_Octagon_solid.ubulk" 410
"../../../Engine/Plugins/Animation/ControlRig/Content/Controls/ControlRig_Octagon_solid.uasset" 411
"../../../Engine/Plugins/Animation/ControlRig/Content/Controls/ControlRig_Octagon_solid.uexp" 412
"../../../Engine/Plugins/Animation/ControlRig/Content/Controls/ControlRig_Octagon_3mm.ubulk" 413
"../../../Engine/Plugins/Animation/ControlRig/Content/Controls/ControlRig_Octagon_3mm.uasset" 414
"../../../Engine/Plugins/Animation/ControlRig/Content/Controls/ControlRig_Octagon_3mm.uexp" 415
"../../../Engine/Plugins/Animation/ControlRig/Content/Controls/ControlRig_Octagon_1mm.ubulk" 416
"../../../Engine/Plugins/Animation/ControlRig/Content/Controls/ControlRig_Octagon_1mm.uasset" 417
"../../../Engine/Plugins/Animation/ControlRig/Content/Controls/ControlRig_Octagon_1mm.uexp" 418
"../../../Engine/Plugins/Animation/ControlRig/Content/Controls/ControlRig_Hexagon_solid.ubulk" 419
"../../../Engine/Plugins/Animation/ControlRig/Content/Controls/ControlRig_Hexagon_solid.uasset" 420
"../../../Engine/Plugins/Animation/ControlRig/Content/Controls/ControlRig_Hexagon_solid.uexp" 421
"../../../Engine/Plugins/Animation/ControlRig/Content/Controls/ControlRig_Hexagon_3mm.ubulk" 422
"../../../Engine/Plugins/Animation/ControlRig/Content/Controls/ControlRig_Hexagon_3mm.uasset" 423
"../../../Engine/Plugins/Animation/ControlRig/Content/Controls/ControlRig_Hexagon_3mm.uexp" 424
"../../../Engine/Plugins/Animation/ControlRig/Content/Controls/ControlRig_Hexagon_1mm.ubulk" 425
"../../../Engine/Plugins/Animation/ControlRig/Content/Controls/ControlRig_Hexagon_1mm.uasset" 426
"../../../Engine/Plugins/Animation/ControlRig/Content/Controls/ControlRig_Hexagon_1mm.uexp" 427
"../../../Engine/Plugins/Animation/ControlRig/Content/Controls/ControlRig_HalfCircle_solid.ubulk" 428
"../../../Engine/Plugins/Animation/ControlRig/Content/Controls/ControlRig_HalfCircle_solid.uasset" 429
"../../../Engine/Plugins/Animation/ControlRig/Content/Controls/ControlRig_HalfCircle_solid.uexp" 430
"../../../Engine/Plugins/Animation/ControlRig/Content/Controls/ControlRig_HalfCircle_3mm.ubulk" 431
"../../../Engine/Plugins/Animation/ControlRig/Content/Controls/ControlRig_HalfCircle_3mm.uasset" 432
"../../../Engine/Plugins/Animation/ControlRig/Content/Controls/ControlRig_HalfCircle_3mm.uexp" 433
"../../../Engine/Plugins/Animation/ControlRig/Content/Controls/ControlRig_HalfCircle_1mm.ubulk" 434
"../../../Engine/Plugins/Animation/ControlRig/Content/Controls/ControlRig_HalfCircle_1mm.uasset" 435
"../../../Engine/Plugins/Animation/ControlRig/Content/Controls/ControlRig_HalfCircle_1mm.uexp" 436
"../../../Engine/Plugins/Animation/ControlRig/Content/Controls/ControlRig_Diamond_solid.ubulk" 437
"../../../Engine/Plugins/Animation/ControlRig/Content/Controls/ControlRig_Diamond_solid.uasset" 438
"../../../Engine/Plugins/Animation/ControlRig/Content/Controls/ControlRig_Diamond_solid.uexp" 439
"../../../Engine/Plugins/Animation/ControlRig/Content/Controls/ControlRig_Diamond_3mm.ubulk" 440
"../../../Engine/Plugins/Animation/ControlRig/Content/Controls/ControlRig_Diamond_3mm.uasset" 441
"../../../Engine/Plugins/Animation/ControlRig/Content/Controls/ControlRig_Diamond_3mm.uexp" 442
"../../../Engine/Plugins/Animation/ControlRig/Content/Controls/ControlRig_Diamond_1mm.ubulk" 443
"../../../Engine/Plugins/Animation/ControlRig/Content/Controls/ControlRig_Diamond_1mm.uasset" 444
"../../../Engine/Plugins/Animation/ControlRig/Content/Controls/ControlRig_Diamond_1mm.uexp" 445
"../../../Engine/Plugins/Animation/ControlRig/Content/Controls/ControlRig_Circle_solid.ubulk" 446
"../../../Engine/Plugins/Animation/ControlRig/Content/Controls/ControlRig_Circle_solid.uasset" 447
"../../../Engine/Plugins/Animation/ControlRig/Content/Controls/ControlRig_Circle_solid.uexp" 448
"../../../Engine/Plugins/Animation/ControlRig/Content/Controls/ControlRig_Circle_3mm.ubulk" 449
"../../../Engine/Plugins/Animation/ControlRig/Content/Controls/ControlRig_Circle_3mm.uasset" 450
"../../../Engine/Plugins/Animation/ControlRig/Content/Controls/ControlRig_Circle_3mm.uexp" 451
"../../../Engine/Plugins/Animation/ControlRig/Content/Controls/ControlRig_Circle_1mm.ubulk" 452
"../../../Engine/Plugins/Animation/ControlRig/Content/Controls/ControlRig_Circle_1mm.uasset" 453
"../../../Engine/Plugins/Animation/ControlRig/Content/Controls/ControlRig_Circle_1mm.uexp" 454
"../../../Engine/Plugins/Animation/ControlRig/Content/Controls/ControlRig_Box_solid.ubulk" 455
"../../../Engine/Plugins/Animation/ControlRig/Content/Controls/ControlRig_Box_solid.uasset" 456
"../../../Engine/Plugins/Animation/ControlRig/Content/Controls/ControlRig_Box_solid.uexp" 457
"../../../Engine/Plugins/Animation/ControlRig/Content/Controls/ControlRig_Box_3mm.ubulk" 458
"../../../Engine/Plugins/Animation/ControlRig/Content/Controls/ControlRig_Box_3mm.uasset" 459
"../../../Engine/Plugins/Animation/ControlRig/Content/Controls/ControlRig_Box_3mm.uexp" 460
"../../../Engine/Plugins/Animation/ControlRig/Content/Controls/ControlRig_Box_1mm.ubulk" 461
"../../../Engine/Plugins/Animation/ControlRig/Content/Controls/ControlRig_Box_1mm.uasset" 462
"../../../Engine/Plugins/Animation/ControlRig/Content/Controls/ControlRig_Box_1mm.uexp" 463
"../../../Engine/Plugins/Animation/ControlRig/Content/Controls/ControlRig_Arrow_solid.ubulk" 464
"../../../Engine/Plugins/Animation/ControlRig/Content/Controls/ControlRig_Arrow_solid.uasset" 465
"../../../Engine/Plugins/Animation/ControlRig/Content/Controls/ControlRig_Arrow_solid.uexp" 466
"../../../Engine/Plugins/Animation/ControlRig/Content/Controls/ControlRig_Arrow_3mm.ubulk" 467
"../../../Engine/Plugins/Animation/ControlRig/Content/Controls/ControlRig_Arrow_3mm.uasset" 468
"../../../Engine/Plugins/Animation/ControlRig/Content/Controls/ControlRig_Arrow_3mm.uexp" 469
"../../../Engine/Plugins/Animation/ControlRig/Content/Controls/ControlRig_Arrow_1mm.ubulk" 470
"../../../Engine/Plugins/Animation/ControlRig/Content/Controls/ControlRig_Arrow_1mm.uasset" 471
"../../../Engine/Plugins/Animation/ControlRig/Content/Controls/ControlRig_Arrow_1mm.uexp" 472
"../../../Engine/Plugins/Animation/ControlRig/Content/Controls/ControlRig_Arrow4_solid.ubulk" 473
"../../../Engine/Plugins/Animation/ControlRig/Content/Controls/ControlRig_Arrow4_solid.uasset" 474
"../../../Engine/Plugins/Animation/ControlRig/Content/Controls/ControlRig_Arrow4_solid.uexp" 475
"../../../Engine/Plugins/Animation/ControlRig/Content/Controls/ControlRig_Arrow4_3mm.ubulk" 476
"../../../Engine/Plugins/Animation/ControlRig/Content/Controls/ControlRig_Arrow4_3mm.uasset" 477
"../../../Engine/Plugins/Animation/ControlRig/Content/Controls/ControlRig_Arrow4_3mm.uexp" 478
"../../../Engine/Plugins/Animation/ControlRig/Content/Controls/ControlRig_Arrow4_1mm.ubulk" 479
"../../../Engine/Plugins/Animation/ControlRig/Content/Controls/ControlRig_Arrow4_1mm.uasset" 480
"../../../Engine/Plugins/Animation/ControlRig/Content/Controls/ControlRig_Arrow4_1mm.uexp" 481
"../../../Engine/Plugins/Animation/ControlRig/Content/Controls/ControlRig_Arrow2_solid.ubulk" 482
"../../../Engine/Plugins/Animation/ControlRig/Content/Controls/ControlRig_Arrow2_solid.uasset" 483
"../../../Engine/Plugins/Animation/ControlRig/Content/Controls/ControlRig_Arrow2_solid.uexp" 484
"../../../Engine/Plugins/Animation/ControlRig/Content/Controls/ControlRig_Arrow2_3mm.ubulk" 485
"../../../Engine/Plugins/Animation/ControlRig/Content/Controls/ControlRig_Arrow2_3mm.uasset" 486
"../../../Engine/Plugins/Animation/ControlRig/Content/Controls/ControlRig_Arrow2_3mm.uexp" 487
"../../../Engine/Plugins/Animation/ControlRig/Content/Controls/ControlRig_Arrow2_1mm.ubulk" 488
"../../../Engine/Plugins/Animation/ControlRig/Content/Controls/ControlRig_Arrow2_1mm.uasset" 489
"../../../Engine/Plugins/Animation/ControlRig/Content/Controls/ControlRig_Arrow2_1mm.uexp" 490
"../../../Engine/Plugins/Animation/ControlRig/Content/Controls/ControlRigXRayMaterial.uasset" 491
"../../../Engine/Plugins/Animation/ControlRig/Content/Controls/ControlRigXRayMaterial.uexp" 492
"../../../Engine/Plugins/Animation/ControlRig/Content/Controls/ControlRigGizmoMaterial.uasset" 493
"../../../Engine/Plugins/Animation/ControlRig/Content/Controls/ControlRigGizmoMaterial.uexp" 494
"../../../Engine/Content/VREditor/TransformGizmo/StartRotationHandleIndicator.ubulk" 495
"../../../Engine/Content/VREditor/TransformGizmo/StartRotationHandleIndicator.uasset" 496
"../../../Engine/Content/VREditor/TransformGizmo/StartRotationHandleIndicator.uexp" 497
"../../../Engine/Content/VREditor/Sounds/UI/Drop_Item_From_ContentBrowser.ubulk" 498
"../../../Engine/Content/VREditor/Sounds/UI/Drop_Item_From_ContentBrowser.uasset" 499
"../../../Engine/Content/VREditor/Sounds/UI/Drop_Item_From_ContentBrowser.uexp" 500
"../../../Engine/Content/VREditor/TransformGizmo/PlaneTranslationHandle.ubulk" 501
"../../../Engine/Content/VREditor/TransformGizmo/PlaneTranslationHandle.uasset" 502
"../../../Engine/Content/VREditor/TransformGizmo/PlaneTranslationHandle.uexp" 503
"../../../Engine/Content/VREditor/Sounds/UI/Object_Snaps_To_Grid.ubulk" 504
"../../../Engine/Content/VREditor/Sounds/UI/Object_Snaps_To_Grid.uasset" 505
"../../../Engine/Content/VREditor/Sounds/UI/Object_Snaps_To_Grid.uexp" 506
"../../../Engine/Content/VREditor/Sounds/UI/Selection_Changes.ubulk" 507
"../../../Engine/Content/VREditor/Sounds/UI/Selection_Changes.uasset" 508
"../../../Engine/Content/VREditor/Sounds/UI/Selection_Changes.uexp" 509
"../../../Engine/Content/VREditor/Sounds/UI/Object_Snaps_To_Another_Actor.ubulk" 510
"../../../Engine/Content/VREditor/Sounds/UI/Object_Snaps_To_Another_Actor.uasset" 511
"../../../Engine/Content/VREditor/Sounds/UI/Object_Snaps_To_Another_Actor.uexp" 512
"../../../Engine/Content/VREditor/TransformGizmo/TranslucentTransformGizmoMaterial_Inst.uasset" 513
"../../../Engine/Content/VREditor/TransformGizmo/TranslucentTransformGizmoMaterial_Inst.uexp" 514
"../../../Engine/Content/VREditor/TransformGizmo/TransformGizmoFreeRotation.ubulk" 515
"../../../Engine/Content/VREditor/TransformGizmo/TransformGizmoFreeRotation.uasset" 516
"../../../Engine/Content/VREditor/TransformGizmo/TransformGizmoFreeRotation.uexp" 517
"../../../Engine/Content/VREditor/Sounds/UI/Scaling_Down.ubulk" 518
"../../../Engine/Content/VREditor/Sounds/UI/Scaling_Down.uasset" 519
"../../../Engine/Content/VREditor/Sounds/UI/Scaling_Down.uexp" 520
"../../../Engine/Content/Functions/Engine_MaterialFunctions02/Math/Transform3x3Matrix.uasset" 521
"../../../Engine/Content/Functions/Engine_MaterialFunctions02/Math/Transform3x3Matrix.uexp" 522
"../../../Engine/Content/Functions/Engine_MaterialFunctions02/SplitComponents.uasset" 523
"../../../Engine/Content/Functions/Engine_MaterialFunctions02/SplitComponents.uexp" 524
"../../../Engine/Content/Functions/Engine_MaterialFunctions02/Utility/MakeFloat3.uasset" 525
"../../../Engine/Content/Functions/Engine_MaterialFunctions02/Utility/MakeFloat3.uexp" 526
"../../../Engine/Content/VREditor/SnapGrid/SnapGridMaterial.uasset" 527
"../../../Engine/Content/VREditor/SnapGrid/SnapGridMaterial.uexp" 528
"../../../Engine/Content/VREditor/SnapGrid/SnapGridPlaneMesh.ubulk" 529
"../../../Engine/Content/VREditor/SnapGrid/SnapGridPlaneMesh.uasset" 530
"../../../Engine/Content/VREditor/SnapGrid/SnapGridPlaneMesh.uexp" 531
"../../../Engine/Content/VREditor/Sounds/UI/Scaling_Up.ubulk" 532
"../../../Engine/Content/VREditor/Sounds/UI/Scaling_Up.uasset" 533
"../../../Engine/Content/VREditor/Sounds/UI/Scaling_Up.uexp" 534
"../../../Engine/Content/VREditor/TransformGizmo/TransformGizmoMaterial_Inst.uasset" 535
"../../../Engine/Content/VREditor/TransformGizmo/TransformGizmoMaterial_Inst.uexp" 536
"../../../Engine/Content/VREditor/Sounds/UI/Gizmo_Handle_Clicked.ubulk" 537
"../../../Engine/Content/VREditor/Sounds/UI/Gizmo_Handle_Clicked.uasset" 538
"../../../Engine/Content/VREditor/Sounds/UI/Gizmo_Handle_Clicked.uexp" 539
"../../../Engine/Content/VREditor/TransformGizmo/RotationHandleQuarter.ubulk" 540
"../../../Engine/Content/VREditor/TransformGizmo/RotationHandleQuarter.uasset" 541
"../../../Engine/Content/VREditor/TransformGizmo/RotationHandleQuarter.uexp" 542
"../../../Engine/Content/VREditor/TransformGizmo/TranslateArrowHandle.ubulk" 543
"../../../Engine/Content/VREditor/TransformGizmo/TranslateArrowHandle.uasset" 544
"../../../Engine/Content/VREditor/TransformGizmo/TranslateArrowHandle.uexp" 545
"../../../Engine/Content/VREditor/TransformGizmo/RotationHandleIndicator.ubulk" 546
"../../../Engine/Content/VREditor/TransformGizmo/RotationHandleIndicator.uasset" 547
"../../../Engine/Content/VREditor/TransformGizmo/RotationHandleIndicator.uexp" 548
"../../../Engine/Content/VREditor/TransformGizmo/UniformScaleHandle.ubulk" 549
"../../../Engine/Content/VREditor/TransformGizmo/UniformScaleHandle.uasset" 550
"../../../Engine/Content/VREditor/TransformGizmo/UniformScaleHandle.uexp" 551
"../../../Engine/Content/VREditor/TransformGizmo/RotationHandleFull.ubulk" 552
"../../../Engine/Content/VREditor/TransformGizmo/RotationHandleFull.uasset" 553
"../../../Engine/Content/VREditor/TransformGizmo/RotationHandleFull.uexp" 554
"../../../Engine/Content/VREditor/Sounds/UI/Object_PickUp.ubulk" 555
"../../../Engine/Content/VREditor/Sounds/UI/Object_PickUp.uasset" 556
"../../../Engine/Content/VREditor/Sounds/UI/Object_PickUp.uexp" 557
"../../../Engine/Content/EngineSounds/Master.uasset" 558
"../../../Engine/Content/EngineSounds/Master.uexp" 559
"../../../Engine/Content/EngineResources/WhiteSquareTexture.uasset" 560
"../../../Engine/Content/EngineResources/WhiteSquareTexture.uexp" 561
"../../../Engine/Content/EngineMaterials/Widget3DPassThrough.uasset" 562
"../../../Engine/Content/EngineMaterials/Widget3DPassThrough.uexp" 563
"../../../Engine/Content/EngineMaterials/Widget3DPassThrough_Translucent.uasset" 564
"../../../Engine/Content/EngineMaterials/Widget3DPassThrough_Translucent.uexp" 565
"../../../Engine/Content/EngineMaterials/Widget3DPassThrough_Translucent_OneSided.uasset" 566
"../../../Engine/Content/EngineMaterials/Widget3DPassThrough_Translucent_OneSided.uexp" 567
"../../../Engine/Content/EngineMaterials/Widget3DPassThrough_Opaque.uasset" 568
"../../../Engine/Content/EngineMaterials/Widget3DPassThrough_Opaque.uexp" 569
"../../../Engine/Content/EngineMaterials/Widget3DPassThrough_Opaque_OneSided.uasset" 570
"../../../Engine/Content/EngineMaterials/Widget3DPassThrough_Opaque_OneSided.uexp" 571
"../../../Engine/Content/EngineMaterials/Widget3DPassThrough_Masked_OneSided.uasset" 572
"../../../Engine/Content/EngineMaterials/Widget3DPassThrough_Masked_OneSided.uexp" 573
"../../../Engine/Content/EngineMaterials/Widget3DPassThrough_Masked.uasset" 574
"../../../Engine/Content/EngineMaterials/Widget3DPassThrough_Masked.uexp" 575
"../../../Engine/Content/EngineMaterials/STBlueNoise_vec2_128x128x64.uasset" 576
"../../../Engine/Content/EngineMaterials/STBlueNoise_vec2_128x128x64.uexp" 577
"../../../Engine/Content/EngineMaterials/STBlueNoise_scalar_128x128x64.uasset" 578
"../../../Engine/Content/EngineMaterials/STBlueNoise_scalar_128x128x64.uexp" 579
"../../../Engine/Content/EngineMaterials/RemoveSurfaceMaterial.uasset" 580
"../../../Engine/Content/EngineMaterials/RemoveSurfaceMaterial.uexp" 581
"../../../Engine/Content/EngineMaterials/DefaultCalibrationGrayscale.uasset" 582
"../../../Engine/Content/EngineMaterials/DefaultCalibrationGrayscale.uexp" 583
"../../../Engine/Content/EngineMaterials/PPM_DefaultCalibrationGrayscale.uasset" 584
"../../../Engine/Content/EngineMaterials/PPM_DefaultCalibrationGrayscale.uexp" 585
"../../../Engine/Content/EngineMaterials/DefaultCalibrationColor.uasset" 586
"../../../Engine/Content/EngineMaterials/DefaultCalibrationColor.uexp" 587
"../../../Engine/Content/EngineMaterials/PPM_DefaultCalibrationColor.uasset" 588
"../../../Engine/Content/EngineMaterials/PPM_DefaultCalibrationColor.uexp" 589
"../../../Engine/Content/EngineMaterials/PhAT_JointLimitMaterial.uasset" 590
"../../../Engine/Content/EngineMaterials/PhAT_JointLimitMaterial.uexp" 591
"../../../Engine/Content/EngineMaterials/NaniteHiddenSectionMaterial.uasset" 592
"../../../Engine/Content/EngineMaterials/NaniteHiddenSectionMaterial.uexp" 593
"../../../Engine/Content/EngineMaterials/InvalidLightmapSettings.ubulk" 594
"../../../Engine/Content/EngineMaterials/InvalidLightmapSettings.uasset" 595
"../../../Engine/Content/EngineMaterials/InvalidLightmapSettings.uexp" 596
"../../../Engine/Content/EngineMaterials/M_InvalidLightmapSettings.uasset" 597
"../../../Engine/Content/EngineMaterials/M_InvalidLightmapSettings.uexp" 598
"../../../Engine/Content/EngineMaterials/GizmoMaterial.uasset" 599
"../../../Engine/Content/EngineMaterials/GizmoMaterial.uexp" 600
"../../../Engine/Content/EngineMaterials/BaseFlattenEmissiveMap_VT.uasset" 601
"../../../Engine/Content/EngineMaterials/BaseFlattenEmissiveMap_VT.uexp" 602
"../../../Engine/Content/EngineMaterials/BaseFlattenGrayscaleMap_VT.uasset" 603
"../../../Engine/Content/EngineMaterials/BaseFlattenGrayscaleMap_VT.uexp" 604
"../../../Engine/Content/EngineMaterials/BaseFlattenLinearColor_VT.uasset" 605
"../../../Engine/Content/EngineMaterials/BaseFlattenLinearColor_VT.uexp" 606
"../../../Engine/Content/EngineMaterials/Black_1x1_EXR_Texture_VT.uasset" 607
"../../../Engine/Content/EngineMaterials/Black_1x1_EXR_Texture_VT.uexp" 608
"../../../Engine/Content/EngineMaterials/BaseFlattenDiffuseMap_VT.uasset" 609
"../../../Engine/Content/EngineMaterials/BaseFlattenDiffuseMap_VT.uexp" 610
"../../../Engine/Content/EngineMaterials/BaseFlattenNormalMap_VT.uasset" 611
"../../../Engine/Content/EngineMaterials/BaseFlattenNormalMap_VT.uexp" 612
"../../../Engine/Content/EngineMaterials/FlattenMaterial_WS_Normal_VT.uasset" 613
"../../../Engine/Content/EngineMaterials/FlattenMaterial_WS_Normal_VT.uexp" 614
"../../../Engine/Content/EngineMaterials/FlattenMaterial_VT.uasset" 615
"../../../Engine/Content/EngineMaterials/FlattenMaterial_VT.uexp" 616
"../../../Engine/Content/EngineMaterials/BaseFlattenNormalMap.uasset" 617
"../../../Engine/Content/EngineMaterials/BaseFlattenNormalMap.uexp" 618
"../../../Engine/Content/EngineMaterials/BaseFlattenGrayscaleMap.uasset" 619
"../../../Engine/Content/EngineMaterials/BaseFlattenGrayscaleMap.uexp" 620
"../../../Engine/Content/EngineMaterials/BaseFlattenDiffuseMap.uasset" 621
"../../../Engine/Content/EngineMaterials/BaseFlattenDiffuseMap.uexp" 622
"../../../Engine/Content/Functions/Engine_MaterialFunctions02/PivotPainter2/Black_1x1_EXR_Texture.uasset" 623
"../../../Engine/Content/Functions/Engine_MaterialFunctions02/PivotPainter2/Black_1x1_EXR_Texture.uexp" 624
"../../../Engine/Content/EngineMaterials/BaseFlattenEmissiveMap.uasset" 625
"../../../Engine/Content/EngineMaterials/BaseFlattenEmissiveMap.uexp" 626
"../../../Engine/Content/EngineMaterials/BaseFlattenLinearColor.uasset" 627
"../../../Engine/Content/EngineMaterials/BaseFlattenLinearColor.uexp" 628
"../../../Engine/Content/EngineMaterials/FlattenMaterial.uasset" 629
"../../../Engine/Content/EngineMaterials/FlattenMaterial.uexp" 630
"../../../Engine/Content/EngineMaterials/DefaultWhiteGrid_Low.uasset" 631
"../../../Engine/Content/EngineMaterials/DefaultWhiteGrid_Low.uexp" 632
"../../../Engine/Content/EngineMaterials/EmissiveMeshMaterial.uasset" 633
"../../../Engine/Content/EngineMaterials/EmissiveMeshMaterial.uexp" 634
"../../../Engine/Content/EngineFonts/RobotoDistanceField.uasset" 635
"../../../Engine/Content/EngineFonts/RobotoDistanceField.uexp" 636
"../../../Engine/Content/EngineMaterials/DefaultTextMaterialOpaque.uasset" 637
"../../../Engine/Content/EngineMaterials/DefaultTextMaterialOpaque.uexp" 638
"../../../Engine/Content/EngineMaterials/DefaultDiffuse.ubulk" 639
"../../../Engine/Content/EngineMaterials/DefaultDiffuse.uasset" 640
"../../../Engine/Content/EngineMaterials/DefaultDiffuse.uexp" 641
"../../../Engine/Content/Functions/Engine_MaterialFunctions02/Utility/BreakOutFloat2Components.uasset" 642
"../../../Engine/Content/Functions/Engine_MaterialFunctions02/Utility/BreakOutFloat2Components.uexp" 643
"../../../Engine/Content/EngineMaterials/DefaultPostProcessMaterial.uasset" 644
"../../../Engine/Content/EngineMaterials/DefaultPostProcessMaterial.uexp" 645
"../../../Engine/Content/EngineMaterials/DefaultPhysicalMaterial.uasset" 646
"../../../Engine/Content/EngineMaterials/DefaultPhysicalMaterial.uexp" 647
"../../../Engine/Content/EngineMaterials/DefaultLightFunctionMaterial.uasset" 648
"../../../Engine/Content/EngineMaterials/DefaultLightFunctionMaterial.uexp" 649
"../../../Engine/Content/EngineMaterials/DefaultDestructiblePhysicalMaterial.uasset" 650
"../../../Engine/Content/EngineMaterials/DefaultDestructiblePhysicalMaterial.uexp" 651
"../../../Engine/Content/EngineMaterials/DefaultDeferredDecalMaterial.uasset" 652
"../../../Engine/Content/EngineMaterials/DefaultDeferredDecalMaterial.uexp" 653
"../../../Engine/Content/EngineMaterials/DefaultBloomKernel.uasset" 654
"../../../Engine/Content/EngineMaterials/DefaultBloomKernel.uexp" 655
"../../../Engine/Content/EngineFonts/Faces/RobotoLight.uexp" 656
"../../../Engine/Content/EngineFonts/Faces/RobotoLight.uasset" 657
"../../../Engine/Content/EngineFonts/Faces/RobotoLight.ufont" 658
"../../../Engine/Content/EngineFonts/Faces/RobotoBold.uexp" 659
"../../../Engine/Content/EngineFonts/Faces/RobotoBold.uasset" 660
"../../../Engine/Content/EngineFonts/Faces/RobotoBold.ufont" 661
"../../../Engine/Content/EngineFonts/Faces/RobotoRegular.uexp" 662
"../../../Engine/Content/EngineFonts/Faces/RobotoRegular.uasset" 663
"../../../Engine/Content/EngineFonts/Faces/RobotoRegular.ufont" 664
"../../../Engine/Content/EngineFonts/Faces/DroidSansFallback.uexp" 665
"../../../Engine/Content/EngineFonts/Faces/DroidSansFallback.uasset" 666
"../../../Engine/Content/EngineFonts/Faces/DroidSansFallback.ufont" 667
"../../../Engine/Content/EngineFonts/Faces/RobotoItalic.uexp" 668
"../../../Engine/Content/EngineFonts/Faces/RobotoItalic.uasset" 669
"../../../Engine/Content/EngineFonts/Faces/RobotoItalic.ufont" 670
"../../../Engine/Content/EngineFonts/Faces/RobotoBoldItalic.uexp" 671
"../../../Engine/Content/EngineFonts/Faces/RobotoBoldItalic.uasset" 672
"../../../Engine/Content/EngineFonts/Faces/RobotoBoldItalic.ufont" 673
"../../../Engine/Content/EngineFonts/Roboto.uasset" 674
"../../../Engine/Content/EngineFonts/Roboto.uexp" 675
"../../../Engine/Content/EngineDebugMaterials/VolumeToRender.uasset" 676
"../../../Engine/Content/EngineDebugMaterials/VolumeToRender.uexp" 677
"../../../Engine/Content/EngineDebugMaterials/M_VolumeRenderSphereTracePP.uasset" 678
"../../../Engine/Content/EngineDebugMaterials/M_VolumeRenderSphereTracePP.uexp" 679
"../../../Engine/Content/EngineDebugMaterials/M_SimpleUnlitTranslucent.uasset" 680
"../../../Engine/Content/EngineDebugMaterials/M_SimpleUnlitTranslucent.uexp" 681
"../../../Engine/Content/EngineDebugMaterials/DebugMeshMaterial.uasset" 682
"../../../Engine/Content/EngineDebugMaterials/DebugMeshMaterial.uexp" 683
"../../../Engine/Content/EngineDebugMaterials/DebugEditorMaterial.uasset" 684
"../../../Engine/Content/EngineDebugMaterials/DebugEditorMaterial.uexp" 685
"../../../Engine/Content/EngineDamageTypes/DmgTypeBP_Environmental.uasset" 686
"../../../Engine/Content/EngineDamageTypes/DmgTypeBP_Environmental.uexp" 687
"../../../Engine/Content/EditorResources/S_Terrain.ubulk" 688
"../../../Engine/Content/EditorResources/S_Terrain.uasset" 689
"../../../Engine/Content/EditorResources/S_Terrain.uexp" 690
"../../../Engine/Content/EditorResources/EmptyActor.uasset" 691
"../../../Engine/Content/EditorResources/EmptyActor.uexp" 692
"../../../Engine/Content/EditorResources/BSPVertex.uasset" 693
"../../../Engine/Content/EditorResources/BSPVertex.uexp" 694
"../../../Engine/Content/EditorMaterials/PreviewShadowIndicator.ubulk" 695
"../../../Engine/Content/EditorMaterials/PreviewShadowIndicator.uasset" 696
"../../../Engine/Content/EditorMaterials/PreviewShadowIndicator.uexp" 697
"../../../Engine/Content/EditorMaterials/PreviewShadowIndicatorMaterial.uasset" 698
"../../../Engine/Content/EditorMaterials/PreviewShadowIndicatorMaterial.uexp" 699
"../../../Engine/Content/EditorMaterials/PhAT_UnselectedMaterial.uasset" 700
"../../../Engine/Content/EditorMaterials/PhAT_UnselectedMaterial.uexp" 701
"../../../Engine/Content/EditorMaterials/PhAT_NoCollisionMaterial.uasset" 702
"../../../Engine/Content/EditorMaterials/PhAT_NoCollisionMaterial.uexp" 703
"../../../Engine/Content/EditorLandscapeResources/DefaultAlphaTexture.uasset" 704
"../../../Engine/Content/EditorLandscapeResources/DefaultAlphaTexture.uexp" 705
"../../../Engine/Content/EditorLandscapeResources/DataLayer.uasset" 706
"../../../Engine/Content/EditorLandscapeResources/DataLayer.uexp" 707
"../../../Engine/Content/EngineMaterials/DefaultMaterial.uasset" 708
"../../../Engine/Content/EngineMaterials/DefaultMaterial.uexp" 709
"../../../Engine/Content/BasicShapes/Sphere.ubulk" 710
"../../../Engine/Content/BasicShapes/Sphere.uasset" 711
"../../../Engine/Content/BasicShapes/Sphere.uexp" 712
"../../../Engine/Content/BasicShapes/Plane.ubulk" 713
"../../../Engine/Content/BasicShapes/Plane.uasset" 714
"../../../Engine/Content/BasicShapes/Plane.uexp" 715
"../../../Engine/Content/BasicShapes/Cylinder.ubulk" 716
"../../../Engine/Content/BasicShapes/Cylinder.uasset" 717
"../../../Engine/Content/BasicShapes/Cylinder.uexp" 718
"../../../Engine/Content/BasicShapes/Cone.ubulk" 719
"../../../Engine/Content/BasicShapes/Cone.uasset" 720
"../../../Engine/Content/BasicShapes/Cone.uexp" 721
"../../../Engine/Content/Animation/DefaultVariableFrameStrippingSettings.uasset" 722
"../../../Engine/Content/Animation/DefaultVariableFrameStrippingSettings.uexp" 723
"../../../Engine/Content/Animation/DefaultRecorderBoneCompression.uasset" 724
"../../../Engine/Content/Animation/DefaultRecorderBoneCompression.uexp" 725
"C:/Users/mbidock/Downloads/ScriptingFinal-master (1)/ScriptingFinal-master/Content/FinalBlueprints/SFX/DropCue.uasset" 726
"C:/Users/mbidock/Downloads/ScriptingFinal-master (1)/ScriptingFinal-master/Content/FinalBlueprints/SFX/DropCue.uexp" 727
"../../../Engine/Plugins/Interchange/Runtime/Content/gltf/MaterialFunctions/MF_RotateV2.uasset" 728
"../../../Engine/Plugins/Interchange/Runtime/Content/gltf/MaterialFunctions/MF_RotateV2.uexp" 729
"../../../Engine/Plugins/Interchange/Runtime/Content/gltf/MaterialFunctions/MF_TransformUVs.uasset" 730
"../../../Engine/Plugins/Interchange/Runtime/Content/gltf/MaterialFunctions/MF_TransformUVs.uexp" 731
"../../../Engine/Plugins/Interchange/Runtime/Content/gltf/Textures/T_White_srgb.uasset" 732
"../../../Engine/Plugins/Interchange/Runtime/Content/gltf/Textures/T_White_srgb.uexp" 733
"../../../Engine/Plugins/Interchange/Runtime/Content/gltf/MaterialFunctions/MF_BaseColor.uasset" 734
"../../../Engine/Plugins/Interchange/Runtime/Content/gltf/MaterialFunctions/MF_BaseColor.uexp" 735
"../../../Engine/Plugins/Interchange/Runtime/Content/gltf/MaterialBodies/MF_Unlit_Body.uasset" 736
"../../../Engine/Plugins/Interchange/Runtime/Content/gltf/MaterialBodies/MF_Unlit_Body.uexp" 737
"../../../Engine/Plugins/Interchange/Runtime/Content/gltf/M_Unlit.uasset" 738
"../../../Engine/Plugins/Interchange/Runtime/Content/gltf/M_Unlit.uexp" 739
"../../../Engine/Plugins/Interchange/Runtime/Content/gltf/MaterialInstances/MI_Unlit_Opaque_DS.uasset" 740
"../../../Engine/Plugins/Interchange/Runtime/Content/gltf/MaterialInstances/MI_Unlit_Opaque_DS.uexp" 741
"../../../Engine/Plugins/Interchange/Runtime/Content/gltf/MaterialInstances/MI_Unlit_Opaque.uasset" 742
"../../../Engine/Plugins/Interchange/Runtime/Content/gltf/MaterialInstances/MI_Unlit_Opaque.uexp" 743
"../../../Engine/Plugins/Interchange/Runtime/Content/gltf/MaterialInstances/MI_Unlit_Mask_DS.uasset" 744
"../../../Engine/Plugins/Interchange/Runtime/Content/gltf/MaterialInstances/MI_Unlit_Mask_DS.uexp" 745
"../../../Engine/Plugins/Interchange/Runtime/Content/gltf/MaterialInstances/MI_Unlit_Mask.uasset" 746
"../../../Engine/Plugins/Interchange/Runtime/Content/gltf/MaterialInstances/MI_Unlit_Mask.uexp" 747
"../../../Engine/Plugins/Interchange/Runtime/Content/gltf/MaterialInstances/MI_Unlit_Blend_DS.uasset" 748
"../../../Engine/Plugins/Interchange/Runtime/Content/gltf/MaterialInstances/MI_Unlit_Blend_DS.uexp" 749
"../../../Engine/Plugins/Interchange/Runtime/Content/gltf/MaterialInstances/MI_Unlit_Blend.uasset" 750
"../../../Engine/Plugins/Interchange/Runtime/Content/gltf/MaterialInstances/MI_Unlit_Blend.uexp" 751
"../../../Engine/Plugins/Interchange/Runtime/Content/gltf/MaterialFunctions/MF_Iridescence.uasset" 752
"../../../Engine/Plugins/Interchange/Runtime/Content/gltf/MaterialFunctions/MF_Iridescence.uexp" 753
"../../../Engine/Plugins/Interchange/Runtime/Content/gltf/Textures/T_White_Linear.uasset" 754
"../../../Engine/Plugins/Interchange/Runtime/Content/gltf/Textures/T_White_Linear.uexp" 755
"../../../Engine/Plugins/Interchange/Runtime/Content/gltf/MaterialFunctions/MF_MetallicRoughness.uasset" 756
"../../../Engine/Plugins/Interchange/Runtime/Content/gltf/MaterialFunctions/MF_MetallicRoughness.uexp" 757
"../../../Engine/Plugins/Interchange/Runtime/Content/gltf/MaterialFunctions/MF_Transmission.uasset" 758
"../../../Engine/Plugins/Interchange/Runtime/Content/gltf/MaterialFunctions/MF_Transmission.uexp" 759
"../../../Engine/Plugins/Interchange/Runtime/Content/gltf/MaterialFunctions/MF_Occlusion.uasset" 760
"../../../Engine/Plugins/Interchange/Runtime/Content/gltf/MaterialFunctions/MF_Occlusion.uexp" 761
"../../../Engine/Plugins/Interchange/Runtime/Content/gltf/MaterialFunctions/MF_Specular.uasset" 762
"../../../Engine/Plugins/Interchange/Runtime/Content/gltf/MaterialFunctions/MF_Specular.uexp" 763
"../../../Engine/Plugins/Interchange/Runtime/Content/gltf/MaterialFunctions/MF_IOR.uasset" 764
"../../../Engine/Plugins/Interchange/Runtime/Content/gltf/MaterialFunctions/MF_IOR.uexp" 765
"../../../Engine/Plugins/Interchange/Runtime/Content/gltf/MaterialFunctions/MF_RotateNormals_TS.uasset" 766
"../../../Engine/Plugins/Interchange/Runtime/Content/gltf/MaterialFunctions/MF_RotateNormals_TS.uexp" 767
"../../../Engine/Plugins/Interchange/Runtime/Content/gltf/Textures/T_Generic_N.uasset" 768
"../../../Engine/Plugins/Interchange/Runtime/Content/gltf/Textures/T_Generic_N.uexp" 769
"../../../Engine/Plugins/Interchange/Runtime/Content/gltf/MaterialFunctions/MF_Normals.uasset" 770
"../../../Engine/Plugins/Interchange/Runtime/Content/gltf/MaterialFunctions/MF_Normals.uexp" 771
"../../../Engine/Plugins/Interchange/Runtime/Content/gltf/MaterialBodies/MF_Transmission_Body.uasset" 772
"../../../Engine/Plugins/Interchange/Runtime/Content/gltf/MaterialBodies/MF_Transmission_Body.uexp" 773
"../../../Engine/Plugins/Interchange/Runtime/Content/gltf/M_Transmission.uasset" 774
"../../../Engine/Plugins/Interchange/Runtime/Content/gltf/M_Transmission.uexp" 775
"../../../Engine/Plugins/Interchange/Runtime/Content/gltf/MaterialInstances/MI_Transmission_DS.uasset" 776
"../../../Engine/Plugins/Interchange/Runtime/Content/gltf/MaterialInstances/MI_Transmission_DS.uexp" 777
"../../../Engine/Plugins/Interchange/Runtime/Content/gltf/MaterialInstances/MI_Transmission.uasset" 778
"../../../Engine/Plugins/Interchange/Runtime/Content/gltf/MaterialInstances/MI_Transmission.uexp" 779
"../../../Engine/Plugins/Interchange/Runtime/Content/gltf/MaterialFunctions/MF_DiffuseSpecGloss.uasset" 780
"../../../Engine/Plugins/Interchange/Runtime/Content/gltf/MaterialFunctions/MF_DiffuseSpecGloss.uexp" 781
"../../../Engine/Content/Functions/Engine_MaterialFunctions02/Math/AddComponents.uasset" 782
"../../../Engine/Content/Functions/Engine_MaterialFunctions02/Math/AddComponents.uexp" 783
"../../../Engine/Plugins/Interchange/Runtime/Content/gltf/MaterialFunctions/MF_PerceivedBrightness.uasset" 784
"../../../Engine/Plugins/Interchange/Runtime/Content/gltf/MaterialFunctions/MF_PerceivedBrightness.uexp" 785
"../../../Engine/Plugins/Interchange/Runtime/Content/gltf/MaterialFunctions/MF_Emissive.uasset" 786
"../../../Engine/Plugins/Interchange/Runtime/Content/gltf/MaterialFunctions/MF_Emissive.uexp" 787
"../../../Engine/Plugins/Interchange/Runtime/Content/gltf/MaterialFunctions/MF_SpecGlossToMetalRoughness.uasset" 788
"../../../Engine/Plugins/Interchange/Runtime/Content/gltf/MaterialFunctions/MF_SpecGlossToMetalRoughness.uexp" 789
"../../../Engine/Plugins/Interchange/Runtime/Content/gltf/MaterialBodies/MF_SpecularGlossiness_Body.uasset" 790
"../../../Engine/Plugins/Interchange/Runtime/Content/gltf/MaterialBodies/MF_SpecularGlossiness_Body.uexp" 791
"../../../Engine/Plugins/Interchange/Runtime/Content/gltf/M_SpecularGlossiness.uasset" 792
"../../../Engine/Plugins/Interchange/Runtime/Content/gltf/M_SpecularGlossiness.uexp" 793
"../../../Engine/Plugins/Interchange/Runtime/Content/gltf/MaterialInstances/MI_SpecularGlossiness_Opaque_DS.uasset" 794
"../../../Engine/Plugins/Interchange/Runtime/Content/gltf/MaterialInstances/MI_SpecularGlossiness_Opaque_DS.uexp" 795
"../../../Engine/Plugins/Interchange/Runtime/Content/gltf/MaterialInstances/MI_SpecularGlossiness_Opaque.uasset" 796
"../../../Engine/Plugins/Interchange/Runtime/Content/gltf/MaterialInstances/MI_SpecularGlossiness_Opaque.uexp" 797
"../../../Engine/Plugins/Interchange/Runtime/Content/gltf/MaterialInstances/MI_SpecularGlossiness_Mask_DS.uasset" 798
"../../../Engine/Plugins/Interchange/Runtime/Content/gltf/MaterialInstances/MI_SpecularGlossiness_Mask_DS.uexp" 799
"../../../Engine/Plugins/Interchange/Runtime/Content/gltf/MaterialInstances/MI_SpecularGlossiness_Mask.uasset" 800
"../../../Engine/Plugins/Interchange/Runtime/Content/gltf/MaterialInstances/MI_SpecularGlossiness_Mask.uexp" 801
"../../../Engine/Plugins/Interchange/Runtime/Content/gltf/MaterialInstances/MI_SpecularGlossiness_Blend_DS.uasset" 802
"../../../Engine/Plugins/Interchange/Runtime/Content/gltf/MaterialInstances/MI_SpecularGlossiness_Blend_DS.uexp" 803
"../../../Engine/Plugins/Interchange/Runtime/Content/gltf/MaterialInstances/MI_SpecularGlossiness_Blend.uasset" 804
"../../../Engine/Plugins/Interchange/Runtime/Content/gltf/MaterialInstances/MI_SpecularGlossiness_Blend.uexp" 805
"../../../Engine/Plugins/Interchange/Runtime/Content/gltf/MaterialFunctions/MF_Sheen.uasset" 806
"../../../Engine/Plugins/Interchange/Runtime/Content/gltf/MaterialFunctions/MF_Sheen.uexp" 807
"../../../Engine/Plugins/Interchange/Runtime/Content/gltf/MaterialBodies/MF_Sheen_Body.uasset" 808
"../../../Engine/Plugins/Interchange/Runtime/Content/gltf/MaterialBodies/MF_Sheen_Body.uexp" 809
"../../../Engine/Plugins/Interchange/Runtime/Content/gltf/M_Sheen.uasset" 810
"../../../Engine/Plugins/Interchange/Runtime/Content/gltf/M_Sheen.uexp" 811
"../../../Engine/Plugins/Interchange/Runtime/Content/gltf/MaterialInstances/MI_Sheen_Opaque_DS.uasset" 812
"../../../Engine/Plugins/Interchange/Runtime/Content/gltf/MaterialInstances/MI_Sheen_Opaque_DS.uexp" 813
"../../../Engine/Plugins/Interchange/Runtime/Content/gltf/MaterialInstances/MI_Sheen_Opaque.uasset" 814
"../../../Engine/Plugins/Interchange/Runtime/Content/gltf/MaterialInstances/MI_Sheen_Opaque.uexp" 815
"../../../Engine/Plugins/Interchange/Runtime/Content/gltf/MaterialInstances/MI_Sheen_Mask_DS.uasset" 816
"../../../Engine/Plugins/Interchange/Runtime/Content/gltf/MaterialInstances/MI_Sheen_Mask_DS.uexp" 817
"../../../Engine/Plugins/Interchange/Runtime/Content/gltf/MaterialInstances/MI_Sheen_Mask.uasset" 818
"../../../Engine/Plugins/Interchange/Runtime/Content/gltf/MaterialInstances/MI_Sheen_Mask.uexp" 819
"../../../Engine/Plugins/Interchange/Runtime/Content/gltf/MaterialInstances/MI_Sheen_Blend_DS.uasset" 820
"../../../Engine/Plugins/Interchange/Runtime/Content/gltf/MaterialInstances/MI_Sheen_Blend_DS.uexp" 821
"../../../Engine/Plugins/Interchange/Runtime/Content/gltf/MaterialInstances/MI_Sheen_Blend.uasset" 822
"../../../Engine/Plugins/Interchange/Runtime/Content/gltf/MaterialInstances/MI_Sheen_Blend.uexp" 823
"../../../Engine/Plugins/Interchange/Runtime/Content/gltf/MaterialBodies/MF_Default_Body.uasset" 824
"../../../Engine/Plugins/Interchange/Runtime/Content/gltf/MaterialBodies/MF_Default_Body.uexp" 825
"../../../Engine/Plugins/Interchange/Runtime/Content/gltf/M_Default.uasset" 826
"../../../Engine/Plugins/Interchange/Runtime/Content/gltf/M_Default.uexp" 827
"../../../Engine/Plugins/Interchange/Runtime/Content/gltf/MaterialInstances/MI_Default_Opaque_DS.uasset" 828
"../../../Engine/Plugins/Interchange/Runtime/Content/gltf/MaterialInstances/MI_Default_Opaque_DS.uexp" 829
"../../../Engine/Plugins/Interchange/Runtime/Content/gltf/MaterialInstances/MI_Default_Opaque.uasset" 830
"../../../Engine/Plugins/Interchange/Runtime/Content/gltf/MaterialInstances/MI_Default_Opaque.uexp" 831
"../../../Engine/Plugins/Interchange/Runtime/Content/gltf/MaterialInstances/MI_Default_Mask_DS.uasset" 832
"../../../Engine/Plugins/Interchange/Runtime/Content/gltf/MaterialInstances/MI_Default_Mask_DS.uexp" 833
"../../../Engine/Plugins/Interchange/Runtime/Content/gltf/MaterialInstances/MI_Default_Mask.uasset" 834
"../../../Engine/Plugins/Interchange/Runtime/Content/gltf/MaterialInstances/MI_Default_Mask.uexp" 835
"../../../Engine/Plugins/Interchange/Runtime/Content/gltf/MaterialInstances/MI_Default_Blend_DS.uasset" 836
"../../../Engine/Plugins/Interchange/Runtime/Content/gltf/MaterialInstances/MI_Default_Blend_DS.uexp" 837
"../../../Engine/Plugins/Interchange/Runtime/Content/gltf/MaterialInstances/MI_Default_Blend.uasset" 838
"../../../Engine/Plugins/Interchange/Runtime/Content/gltf/MaterialInstances/MI_Default_Blend.uexp" 839
"../../../Engine/Content/Functions/Engine_MaterialFunctions01/Texturing/FlattenNormal.uasset" 840
"../../../Engine/Content/Functions/Engine_MaterialFunctions01/Texturing/FlattenNormal.uexp" 841
"../../../Engine/Plugins/Interchange/Runtime/Content/gltf/MaterialFunctions/MF_Clearcoat.uasset" 842
"../../../Engine/Plugins/Interchange/Runtime/Content/gltf/MaterialFunctions/MF_Clearcoat.uexp" 843
"../../../Engine/Plugins/Interchange/Runtime/Content/gltf/MaterialBodies/MF_ClearCoat_Body.uasset" 844
"../../../Engine/Plugins/Interchange/Runtime/Content/gltf/MaterialBodies/MF_ClearCoat_Body.uexp" 845
"../../../Engine/Plugins/Interchange/Runtime/Content/gltf/M_ClearCoat.uasset" 846
"../../../Engine/Plugins/Interchange/Runtime/Content/gltf/M_ClearCoat.uexp" 847
"../../../Engine/Plugins/Interchange/Runtime/Content/gltf/MaterialInstances/MI_ClearCoat_Opaque_DS.uasset" 848
"../../../Engine/Plugins/Interchange/Runtime/Content/gltf/MaterialInstances/MI_ClearCoat_Opaque_DS.uexp" 849
"../../../Engine/Plugins/Interchange/Runtime/Content/gltf/MaterialInstances/MI_ClearCoat_Opaque.uasset" 850
"../../../Engine/Plugins/Interchange/Runtime/Content/gltf/MaterialInstances/MI_ClearCoat_Opaque.uexp" 851
"../../../Engine/Plugins/Interchange/Runtime/Content/gltf/MaterialInstances/MI_ClearCoat_Mask_DS.uasset" 852
"../../../Engine/Plugins/Interchange/Runtime/Content/gltf/MaterialInstances/MI_ClearCoat_Mask_DS.uexp" 853
"../../../Engine/Plugins/Interchange/Runtime/Content/gltf/MaterialInstances/MI_ClearCoat_Mask.uasset" 854
"../../../Engine/Plugins/Interchange/Runtime/Content/gltf/MaterialInstances/MI_ClearCoat_Mask.uexp" 855
"../../../Engine/Plugins/Interchange/Runtime/Content/gltf/MaterialInstances/MI_ClearCoat_Blend_DS.uasset" 856
"../../../Engine/Plugins/Interchange/Runtime/Content/gltf/MaterialInstances/MI_ClearCoat_Blend_DS.uexp" 857
"../../../Engine/Plugins/Interchange/Runtime/Content/gltf/MaterialInstances/MI_ClearCoat_Blend.uasset" 858
"../../../Engine/Plugins/Interchange/Runtime/Content/gltf/MaterialInstances/MI_ClearCoat_Blend.uexp" 859
"../../../Engine/Content/MobileResources/HUD/VirtualJoystick_Background.uasset" 860
"../../../Engine/Content/MobileResources/HUD/VirtualJoystick_Background.uexp" 861
"../../../Engine/Content/MobileResources/HUD/VirtualJoystick_Thumb.uasset" 862
"../../../Engine/Content/MobileResources/HUD/VirtualJoystick_Thumb.uexp" 863
"../../../Engine/Content/MobileResources/HUD/DefaultVirtualJoysticks.uasset" 864
"../../../Engine/Content/MobileResources/HUD/DefaultVirtualJoysticks.uexp" 865
"../../../Engine/Content/EngineSky/VolumetricClouds/CloudWeatherTexture.uasset" 866
"../../../Engine/Content/EngineSky/VolumetricClouds/CloudWeatherTexture.uexp" 867
"../../../Engine/Content/Functions/Engine_MaterialFunctions02/Utility/MakeFloat2.uasset" 868
"../../../Engine/Content/Functions/Engine_MaterialFunctions02/Utility/MakeFloat2.uexp" 869
"../../../Engine/Content/EngineSky/VolumetricClouds/CloudGradientTexture.uasset" 870
"../../../Engine/Content/EngineSky/VolumetricClouds/CloudGradientTexture.uexp" 871
"../../../Engine/Content/EngineSky/VolumetricClouds/T_NoiseShape64.ubulk" 872
"../../../Engine/Content/EngineSky/VolumetricClouds/T_NoiseShape64.uasset" 873
"../../../Engine/Content/EngineSky/VolumetricClouds/T_NoiseShape64.uexp" 874
"../../../Engine/Content/EngineSky/VolumetricClouds/T_VolumeNoiseShape64.uasset" 875
"../../../Engine/Content/EngineSky/VolumetricClouds/T_VolumeNoiseShape64.uexp" 876
"../../../Engine/Content/EngineSky/VolumetricClouds/T_NoiseErosion.ubulk" 877
"../../../Engine/Content/EngineSky/VolumetricClouds/T_NoiseErosion.uasset" 878
"../../../Engine/Content/EngineSky/VolumetricClouds/T_NoiseErosion.uexp" 879
"../../../Engine/Content/EngineSky/VolumetricClouds/T_VolumeNoiseErosion32.uasset" 880
"../../../Engine/Content/EngineSky/VolumetricClouds/T_VolumeNoiseErosion32.uexp" 881
"../../../Engine/Content/EngineSky/VolumetricClouds/m_SimpleVolumetricCloud.uasset" 882
"../../../Engine/Content/EngineSky/VolumetricClouds/m_SimpleVolumetricCloud.uexp" 883
"../../../Engine/Content/EngineSky/VolumetricClouds/m_SimpleVolumetricCloud_Inst.uasset" 884
"../../../Engine/Content/EngineSky/VolumetricClouds/m_SimpleVolumetricCloud_Inst.uexp" 885
"../../../Engine/Content/EngineResources/FilmGrains/Marcie_Grain_v3_128_M2_000.uasset" 886
"../../../Engine/Content/EngineResources/FilmGrains/Marcie_Grain_v3_128_M2_000.uexp" 887
"../../../Engine/Content/EditorResources/SequenceRecorder/RecordingIndicator.uasset" 888
"../../../Engine/Content/EditorResources/SequenceRecorder/RecordingIndicator.uexp" 889
"../../../Engine/Content/EditorResources/SequenceRecorder/Countdown.uasset" 890
"../../../Engine/Content/EditorResources/SequenceRecorder/Countdown.uexp" 891
"../../../Engine/Content/EditorMaterials/Dataflow/DataflowVertexMaterial.uasset" 892
"../../../Engine/Content/EditorMaterials/Dataflow/DataflowVertexMaterial.uexp" 893
"../../../Engine/Content/Functions/Engine_MaterialFunctions01/Shading/PowerToRoughness.uasset" 894
"../../../Engine/Content/Functions/Engine_MaterialFunctions01/Shading/PowerToRoughness.uexp" 895
"../../../Engine/Content/Functions/Engine_MaterialFunctions01/Shading/ConvertFromDiffSpec.uasset" 896
"../../../Engine/Content/Functions/Engine_MaterialFunctions01/Shading/ConvertFromDiffSpec.uexp" 897
"../../../Engine/Content/EngineMaterials/Substrate/Volume/SubstrateSimpleVolumeLUT3D.uasset" 898
"../../../Engine/Content/EngineMaterials/Substrate/Volume/SubstrateSimpleVolumeLUT3D.uexp" 899
"../../../Engine/Content/EngineMaterials/Substrate/Volume/SubstrateSimpleVolumeEnvLUT3D.uasset" 900
"../../../Engine/Content/EngineMaterials/Substrate/Volume/SubstrateSimpleVolumeEnvLUT3D.uexp" 901
"../../../Engine/Content/EngineMaterials/Substrate/GLints2/AGlintTex2dArray2.uasset" 902
"../../../Engine/Content/EngineMaterials/Substrate/GLints2/AGlintTex2dArray2.uexp" 903
"../../../Engine/Content/EngineMaterials/Substrate/GLints/AGlintTex2dArray.uasset" 904
"../../../Engine/Content/EngineMaterials/Substrate/GLints/AGlintTex2dArray.uexp" 905
"C:/Users/mbidock/Downloads/ScriptingFinal-master (1)/ScriptingFinal-master/Content/ArcadeDropInstructionsF.uasset" 906
"C:/Users/mbidock/Downloads/ScriptingFinal-master (1)/ScriptingFinal-master/Content/ArcadeDropInstructionsF.uexp" 907
"C:/Users/mbidock/Downloads/ScriptingFinal-master (1)/ScriptingFinal-master/Content/InfoWidget.uasset" 908
"C:/Users/mbidock/Downloads/ScriptingFinal-master (1)/ScriptingFinal-master/Content/InfoWidget.uexp" 909
"C:/Users/mbidock/Downloads/ScriptingFinal-master (1)/ScriptingFinal-master/Content/ArcadeDropStartF.uasset" 910
"C:/Users/mbidock/Downloads/ScriptingFinal-master (1)/ScriptingFinal-master/Content/ArcadeDropStartF.uexp" 911
"C:/Users/mbidock/Downloads/ScriptingFinal-master (1)/ScriptingFinal-master/Content/MenuWidget.uasset" 912
"C:/Users/mbidock/Downloads/ScriptingFinal-master (1)/ScriptingFinal-master/Content/MenuWidget.uexp" 913
"C:/Users/mbidock/Downloads/ScriptingFinal-master (1)/ScriptingFinal-master/Content/GM_Menu.uasset" 914
"C:/Users/mbidock/Downloads/ScriptingFinal-master (1)/ScriptingFinal-master/Content/GM_Menu.uexp" 915
"C:/Users/mbidock/Downloads/ScriptingFinal-master (1)/ScriptingFinal-master/Content/Menu.uexp" 916
"C:/Users/mbidock/Downloads/ScriptingFinal-master (1)/ScriptingFinal-master/Content/Menu.umap" 917
"C:/Users/mbidock/Downloads/ScriptingFinal-master (1)/ScriptingFinal-master/Content/StarterContent/Materials/M_Basic_Floor1.uasset" 918
"C:/Users/mbidock/Downloads/ScriptingFinal-master (1)/ScriptingFinal-master/Content/StarterContent/Materials/M_Basic_Floor1.uexp" 919
"C:/Users/mbidock/Downloads/ScriptingFinal-master (1)/ScriptingFinal-master/Content/SM_CheckeredMap.uasset" 920
"C:/Users/mbidock/Downloads/ScriptingFinal-master (1)/ScriptingFinal-master/Content/SM_CheckeredMap.uexp" 921
"C:/Users/mbidock/Downloads/ScriptingFinal-master (1)/ScriptingFinal-master/Content/ArcadeDropOverlayFF.uasset" 922
"C:/Users/mbidock/Downloads/ScriptingFinal-master (1)/ScriptingFinal-master/Content/ArcadeDropOverlayFF.uexp" 923
"C:/Users/mbidock/Downloads/ScriptingFinal-master (1)/ScriptingFinal-master/Content/Overlay.uasset" 924
"C:/Users/mbidock/Downloads/ScriptingFinal-master (1)/ScriptingFinal-master/Content/Overlay.uexp" 925
"C:/Users/mbidock/Downloads/ScriptingFinal-master (1)/ScriptingFinal-master/Content/FinalBlueprints/Arcade_GM.uasset" 926
"C:/Users/mbidock/Downloads/ScriptingFinal-master (1)/ScriptingFinal-master/Content/FinalBlueprints/Arcade_GM.uexp" 927
"C:/Users/mbidock/Downloads/ScriptingFinal-master (1)/ScriptingFinal-master/Content/StarterContent/Materials/M_Basic_Floor.uasset" 928
"C:/Users/mbidock/Downloads/ScriptingFinal-master (1)/ScriptingFinal-master/Content/StarterContent/Materials/M_Basic_Floor.uexp" 929
"C:/Users/mbidock/Downloads/ScriptingFinal-master (1)/ScriptingFinal-master/Content/T_Floor.uasset" 930
"C:/Users/mbidock/Downloads/ScriptingFinal-master (1)/ScriptingFinal-master/Content/T_Floor.uexp" 931
"C:/Users/mbidock/Downloads/ScriptingFinal-master (1)/ScriptingFinal-master/Content/T_Floor_Mat.uasset" 932
"C:/Users/mbidock/Downloads/ScriptingFinal-master (1)/ScriptingFinal-master/Content/T_Floor_Mat.uexp" 933
"../../../Engine/Content/EngineMeshes/BackgroundMaterial.uasset" 934
"../../../Engine/Content/EngineMeshes/BackgroundMaterial.uexp" 935
"C:/Users/mbidock/Downloads/ScriptingFinal-master (1)/ScriptingFinal-master/Content/BG.uasset" 936
"C:/Users/mbidock/Downloads/ScriptingFinal-master (1)/ScriptingFinal-master/Content/BG.uexp" 937
"C:/Users/mbidock/Downloads/ScriptingFinal-master (1)/ScriptingFinal-master/Content/TestMapFinal.uexp" 938
"C:/Users/mbidock/Downloads/ScriptingFinal-master (1)/ScriptingFinal-master/Content/TestMapFinal.umap" 939
"C:/Users/mbidock/Downloads/ScriptingFinal-master (1)/ScriptingFinal-master/Content/ArcadeDropGameOver.uasset" 940
"C:/Users/mbidock/Downloads/ScriptingFinal-master (1)/ScriptingFinal-master/Content/ArcadeDropGameOver.uexp" 941
"C:/Users/mbidock/Downloads/ScriptingFinal-master (1)/ScriptingFinal-master/Content/GameOverWidget.uasset" 942
"C:/Users/mbidock/Downloads/ScriptingFinal-master (1)/ScriptingFinal-master/Content/GameOverWidget.uexp" 943
"C:/Users/mbidock/Downloads/ScriptingFinal-master (1)/ScriptingFinal-master/Content/GM_GameOver.uasset" 944
"C:/Users/mbidock/Downloads/ScriptingFinal-master (1)/ScriptingFinal-master/Content/GM_GameOver.uexp" 945
"C:/Users/mbidock/Downloads/ScriptingFinal-master (1)/ScriptingFinal-master/Content/GameOver.uexp" 946
"C:/Users/mbidock/Downloads/ScriptingFinal-master (1)/ScriptingFinal-master/Content/GameOver.umap" 947
"../../../Engine/Content/Maps/Entry_BuiltData.uasset" 948
"../../../Engine/Content/Maps/Entry_BuiltData.uexp" 949
"../../../Engine/Content/Maps/Entry.uexp" 950
"../../../Engine/Content/Maps/Entry.umap" 951
